<!DOCTYPE html>

<html>
  <head>
  <meta charset='utf-8'>
  <title>TestNG reports</title>

    <link type="text/css" href="testng-reports1.css" rel="stylesheet" id="ultra" />
    <link type="text/css" href="testng-reports.css" rel="stylesheet" id="retro" disabled="false"/>
    <script type="text/javascript" src="jquery-3.6.0.min.js"></script>
    <script type="text/javascript" src="testng-reports.js"></script>
    <script type="text/javascript" src="https://www.google.com/jsapi"></script>
    <script type='text/javascript'>
      google.load('visualization', '1', {packages:['table']});
      google.setOnLoadCallback(drawTable);
      var suiteTableInitFunctions = new Array();
      var suiteTableData = new Array();
    </script>
    <!--
      <script type="text/javascript" src="jquery-ui/js/jquery-ui-1.8.16.custom.min.js"></script>
     -->
  </head>

  <body>    <div class="top-banner-root">
      <span class="top-banner-title-font">Test results</span>
      <button id="button" class="button">Switch Retro Theme</button> <!-- button -->
      <br/>
      <span class="top-banner-font-1">1 suite, 14 failed tests</span>
    </div> <!-- top-banner-root -->
    <div class="navigator-root">
      <div class="navigator-suite-header">
        <span>All suites</span>
        <a href="#" title="Collapse/expand all the suites" class="collapse-all-link">
          <img src="collapseall.gif" class="collapse-all-icon">
          </img> <!-- collapse-all-icon -->
        </a> <!-- collapse-all-link -->
      </div> <!-- navigator-suite-header -->
      <div class="suite">
        <div class="rounded-window">
          <div class="suite-header light-rounded-window-top">
            <a href="#" panel-name="suite-nopcommerce_Regression_Suite" class="navigator-link">
              <span class="suite-name border-failed">nopcommerce Regression Suite</span>
            </a> <!-- navigator-link -->
          </div> <!-- suite-header light-rounded-window-top -->
          <div class="navigator-suite-content">
            <div class="suite-section-title">
              <span>Info</span>
            </div> <!-- suite-section-title -->
            <div class="suite-section-content">
              <ul>
                <li>
                  <a href="#" panel-name="test-xml-nopcommerce_Regression_Suite" class="navigator-link ">
                    <span>C:\Users\hp\IdeaProjects\SeleniumWithMoataz\regressionSuite.xml</span>
                  </a> <!-- navigator-link  -->
                </li>
                <li>
                  <a href="#" panel-name="testlist-nopcommerce_Regression_Suite" class="navigator-link ">
                    <span class="test-stats">1 test</span>
                  </a> <!-- navigator-link  -->
                </li>
                <li>
                  <a href="#" panel-name="group-nopcommerce_Regression_Suite" class="navigator-link ">
                    <span>0 groups</span>
                  </a> <!-- navigator-link  -->
                </li>
                <li>
                  <a href="#" panel-name="times-nopcommerce_Regression_Suite" class="navigator-link ">
                    <span>Times</span>
                  </a> <!-- navigator-link  -->
                </li>
                <li>
                  <a href="#" panel-name="reporter-nopcommerce_Regression_Suite" class="navigator-link ">
                    <span>Reporter output</span>
                  </a> <!-- navigator-link  -->
                </li>
                <li>
                  <a href="#" panel-name="ignored-methods-nopcommerce_Regression_Suite" class="navigator-link ">
                    <span>Ignored methods</span>
                  </a> <!-- navigator-link  -->
                </li>
                <li>
                  <a href="#" panel-name="chronological-nopcommerce_Regression_Suite" class="navigator-link ">
                    <span>Chronological view</span>
                  </a> <!-- navigator-link  -->
                </li>
              </ul>
            </div> <!-- suite-section-content -->
            <div class="result-section">
              <div class="suite-section-title">
                <span>Results</span>
              </div> <!-- suite-section-title -->
              <div class="suite-section-content">
                <ul>
                  <li>
                    <span class="method-stats">34 methods, 14 failed,  3 skipped,  17 passed</span>
                  </li>
                  <li>
                    <span class="method-list-title failed">Failed methods</span>
                    <span class="show-or-hide-methods failed">
                      <a href="#" panel-name="suite-nopcommerce_Regression_Suite" class="hide-methods failed suite-nopcommerce_Regression_Suite"> (hide)</a> <!-- hide-methods failed suite-nopcommerce_Regression_Suite -->
                      <a href="#" panel-name="suite-nopcommerce_Regression_Suite" class="show-methods failed suite-nopcommerce_Regression_Suite"> (show)</a> <!-- show-methods failed suite-nopcommerce_Regression_Suite -->
                    </span>
                    <div class="method-list-content failed suite-nopcommerce_Regression_Suite">
                      <span>
                        <img src="failed.png" width="3%"/>
                        <a href="#" panel-name="suite-nopcommerce_Regression_Suite" title="tests.RegisteredUserCheckoutProductTest" class="method navigator-link" hash-for-method="RegisteredUserCanLogout">RegisteredUserCanLogout</a> <!-- method navigator-link -->
                      </span>
                      <br/>
                      <span>
                        <img src="failed.png" width="3%"/>
                        <a href="#" panel-name="suite-nopcommerce_Regression_Suite" title="tests.EmailFriendTest" class="method navigator-link" hash-for-method="RegisteredUserCanLogout">RegisteredUserCanLogout</a> <!-- method navigator-link -->
                      </span>
                      <br/>
                      <span>
                        <img src="failed.png" width="3%"/>
                        <a href="#" panel-name="suite-nopcommerce_Regression_Suite" title="tests.AddProductToWishlistTest" class="method navigator-link" hash-for-method="userCanAddProductToWishlist">userCanAddProductToWishlist</a> <!-- method navigator-link -->
                      </span>
                      <br/>
                      <span>
                        <img src="failed.png" width="3%"/>
                        <a href="#" panel-name="suite-nopcommerce_Regression_Suite" title="tests.GuestCheckoutProductFromCart" class="method navigator-link" hash-for-method="userCanCheckoutProduct">userCanCheckoutProduct</a> <!-- method navigator-link -->
                      </span>
                      <br/>
                      <span>
                        <img src="failed.png" width="3%"/>
                        <a href="#" panel-name="suite-nopcommerce_Regression_Suite" title="tests.AddProductReviewTest" class="method navigator-link" hash-for-method="userCanRegisterSuccessfully">userCanRegisterSuccessfully</a> <!-- method navigator-link -->
                      </span>
                      <br/>
                      <span>
                        <img src="failed.png" width="3%"/>
                        <a href="#" panel-name="suite-nopcommerce_Regression_Suite" title="tests.MyAccountTest" class="method navigator-link" hash-for-method="userCanRegisterSuccessfully">userCanRegisterSuccessfully</a> <!-- method navigator-link -->
                      </span>
                      <br/>
                      <span>
                        <img src="failed.png" width="3%"/>
                        <a href="#" panel-name="suite-nopcommerce_Regression_Suite" title="tests.EmailFriendTest" class="method navigator-link" hash-for-method="userCanRegisterSuccessfully">userCanRegisterSuccessfully</a> <!-- method navigator-link -->
                      </span>
                      <br/>
                      <span>
                        <img src="failed.png" width="3%"/>
                        <a href="#" panel-name="suite-nopcommerce_Regression_Suite" title="tests.RegisteredUserCheckoutProductTest" class="method navigator-link" hash-for-method="userCanRegisterSuccessfully">userCanRegisterSuccessfully</a> <!-- method navigator-link -->
                      </span>
                      <br/>
                      <span>
                        <img src="failed.png" width="3%"/>
                        <a href="#" panel-name="suite-nopcommerce_Regression_Suite" title="tests.AddProductToWishlistTest" class="method navigator-link" hash-for-method="userCanRemoveProductFromCart">userCanRemoveProductFromCart</a> <!-- method navigator-link -->
                      </span>
                      <br/>
                      <span>
                        <img src="failed.png" width="3%"/>
                        <a href="#" panel-name="suite-nopcommerce_Regression_Suite" title="tests.SearchProductTest" class="method navigator-link" hash-for-method="userCanSearchForProducts">userCanSearchForProducts</a> <!-- method navigator-link -->
                      </span>
                      <br/>
                      <span>
                        <img src="failed.png" width="3%"/>
                        <a href="#" panel-name="suite-nopcommerce_Regression_Suite" title="tests.AddProductToWishlistTest" class="method navigator-link" hash-for-method="userCanSearchWithAutoSuggest">userCanSearchWithAutoSuggest</a> <!-- method navigator-link -->
                      </span>
                      <br/>
                      <span>
                        <img src="failed.png" width="3%"/>
                        <a href="#" panel-name="suite-nopcommerce_Regression_Suite" title="tests.ChangeCurrencyTest" class="method navigator-link" hash-for-method="userCanSearchWithAutoSuggest">userCanSearchWithAutoSuggest</a> <!-- method navigator-link -->
                      </span>
                      <br/>
                      <span>
                        <img src="failed.png" width="3%"/>
                        <a href="#" panel-name="suite-nopcommerce_Regression_Suite" title="tests.ContactUsTest" class="method navigator-link" hash-for-method="userCanUseContactUs">userCanUseContactUs</a> <!-- method navigator-link -->
                      </span>
                      <br/>
                      <span>
                        <img src="failed.png" width="3%"/>
                        <a href="#" panel-name="suite-nopcommerce_Regression_Suite" title="tests.GuestCheckoutProductFromCart" class="method navigator-link" hash-for-method="userCanViewOrderDetails">userCanViewOrderDetails</a> <!-- method navigator-link -->
                      </span>
                      <br/>
                    </div> <!-- method-list-content failed suite-nopcommerce_Regression_Suite -->
                  </li>
                  <li>
                    <span class="method-list-title skipped">Skipped methods</span>
                    <span class="show-or-hide-methods skipped">
                      <a href="#" panel-name="suite-nopcommerce_Regression_Suite" class="hide-methods skipped suite-nopcommerce_Regression_Suite"> (hide)</a> <!-- hide-methods skipped suite-nopcommerce_Regression_Suite -->
                      <a href="#" panel-name="suite-nopcommerce_Regression_Suite" class="show-methods skipped suite-nopcommerce_Regression_Suite"> (show)</a> <!-- show-methods skipped suite-nopcommerce_Regression_Suite -->
                    </span>
                    <div class="method-list-content skipped suite-nopcommerce_Regression_Suite">
                      <span>
                        <img src="skipped.png" width="3%"/>
                        <a href="#" panel-name="suite-nopcommerce_Regression_Suite" title="tests.MyAccountTest" class="method navigator-link" hash-for-method="registeredUserCanChangePassword">registeredUserCanChangePassword</a> <!-- method navigator-link -->
                      </span>
                      <br/>
                      <span>
                        <img src="skipped.png" width="3%"/>
                        <a href="#" panel-name="suite-nopcommerce_Regression_Suite" title="tests.MyAccountTest" class="method navigator-link" hash-for-method="registeredUserCanLogin">registeredUserCanLogin</a> <!-- method navigator-link -->
                      </span>
                      <br/>
                      <span>
                        <img src="skipped.png" width="3%"/>
                        <a href="#" panel-name="suite-nopcommerce_Regression_Suite" title="tests.MyAccountTest" class="method navigator-link" hash-for-method="registeredUserCanLogout">registeredUserCanLogout</a> <!-- method navigator-link -->
                      </span>
                      <br/>
                    </div> <!-- method-list-content skipped suite-nopcommerce_Regression_Suite -->
                  </li>
                  <li>
                    <span class="method-list-title passed">Passed methods</span>
                    <span class="show-or-hide-methods passed">
                      <a href="#" panel-name="suite-nopcommerce_Regression_Suite" class="hide-methods passed suite-nopcommerce_Regression_Suite"> (hide)</a> <!-- hide-methods passed suite-nopcommerce_Regression_Suite -->
                      <a href="#" panel-name="suite-nopcommerce_Regression_Suite" class="show-methods passed suite-nopcommerce_Regression_Suite"> (show)</a> <!-- show-methods passed suite-nopcommerce_Regression_Suite -->
                    </span>
                    <div class="method-list-content passed suite-nopcommerce_Regression_Suite">
                      <span>
                        <img src="passed.png" width="3%"/>
                        <a href="#" panel-name="suite-nopcommerce_Regression_Suite" title="tests.AddProductReviewTest" class="method navigator-link" hash-for-method="registeredUserCanAddProductReview">registeredUserCanAddProductReview</a> <!-- method navigator-link -->
                      </span>
                      <br/>
                      <span>
                        <img src="passed.png" width="3%"/>
                        <a href="#" panel-name="suite-nopcommerce_Regression_Suite" title="tests.UserRegistrationTest" class="method navigator-link" hash-for-method="registeredUserCanLogin">registeredUserCanLogin</a> <!-- method navigator-link -->
                      </span>
                      <br/>
                      <span>
                        <img src="passed.png" width="3%"/>
                        <a href="#" panel-name="suite-nopcommerce_Regression_Suite" title="tests.UserRegistrationTest" class="method navigator-link" hash-for-method="registeredUserCanLogout">registeredUserCanLogout</a> <!-- method navigator-link -->
                      </span>
                      <br/>
                      <span>
                        <img src="passed.png" width="3%"/>
                        <a href="#" panel-name="suite-nopcommerce_Regression_Suite" title="tests.EmailFriendTest" class="method navigator-link" hash-for-method="registeredUserCanSendProductToFriend">registeredUserCanSendProductToFriend</a> <!-- method navigator-link -->
                      </span>
                      <br/>
                      <span>
                        <img src="passed.png" width="3%"/>
                        <a href="#" panel-name="suite-nopcommerce_Regression_Suite" title="tests.RegisteredUserCheckoutProductTest" class="method navigator-link" hash-for-method="userCanAddProductToShoppingCart">userCanAddProductToShoppingCart</a> <!-- method navigator-link -->
                      </span>
                      <br/>
                      <span>
                        <img src="passed.png" width="3%"/>
                        <a href="#" panel-name="suite-nopcommerce_Regression_Suite" title="tests.GuestCheckoutProductFromCart" class="method navigator-link" hash-for-method="userCanAddProductToShoppingCart">userCanAddProductToShoppingCart</a> <!-- method navigator-link -->
                      </span>
                      <br/>
                      <span>
                        <img src="passed.png" width="3%"/>
                        <a href="#" panel-name="suite-nopcommerce_Regression_Suite" title="tests.ChangeCurrencyTest" class="method navigator-link" hash-for-method="userCanChangeCurrency">userCanChangeCurrency</a> <!-- method navigator-link -->
                      </span>
                      <br/>
                      <span>
                        <img src="passed.png" width="3%"/>
                        <a href="#" panel-name="suite-nopcommerce_Regression_Suite" title="tests.RegisteredUserCheckoutProductTest" class="method navigator-link" hash-for-method="userCanCheckoutProduct">userCanCheckoutProduct</a> <!-- method navigator-link -->
                      </span>
                      <br/>
                      <span>
                        <img src="passed.png" width="3%"/>
                        <a href="#" panel-name="suite-nopcommerce_Regression_Suite" title="tests.AddProductToCompareTest" class="method navigator-link" hash-for-method="userCanClearCompareList">userCanClearCompareList</a> <!-- method navigator-link -->
                      </span>
                      <br/>
                      <span>
                        <img src="passed.png" width="3%"/>
                        <a href="#" panel-name="suite-nopcommerce_Regression_Suite" title="tests.AddProductToCompareTest" class="method navigator-link" hash-for-method="userCanCompareProducts">userCanCompareProducts</a> <!-- method navigator-link -->
                      </span>
                      <br/>
                      <span>
                        <img src="passed.png" width="3%"/>
                        <a href="#" panel-name="suite-nopcommerce_Regression_Suite" title="tests.UserRegistrationTest" class="method navigator-link" hash-for-method="userCanRegisterSuccessfully">userCanRegisterSuccessfully</a> <!-- method navigator-link -->
                      </span>
                      <br/>
                      <span>
                        <img src="passed.png" width="3%"/>
                        <a href="#" panel-name="suite-nopcommerce_Regression_Suite" title="tests.RegisteredUserCheckoutProductTest" class="method navigator-link" hash-for-method="userCanSearchWithAutoSuggest">userCanSearchWithAutoSuggest</a> <!-- method navigator-link -->
                      </span>
                      <br/>
                      <span>
                        <img src="passed.png" width="3%"/>
                        <a href="#" panel-name="suite-nopcommerce_Regression_Suite" title="tests.EmailFriendTest" class="method navigator-link" hash-for-method="userCanSearchWithAutoSuggest">userCanSearchWithAutoSuggest</a> <!-- method navigator-link -->
                      </span>
                      <br/>
                      <span>
                        <img src="passed.png" width="3%"/>
                        <a href="#" panel-name="suite-nopcommerce_Regression_Suite" title="tests.AddProductReviewTest" class="method navigator-link" hash-for-method="userCanSearchWithAutoSuggest">userCanSearchWithAutoSuggest</a> <!-- method navigator-link -->
                      </span>
                      <br/>
                      <span>
                        <img src="passed.png" width="3%"/>
                        <a href="#" panel-name="suite-nopcommerce_Regression_Suite" title="tests.GuestCheckoutProductFromCart" class="method navigator-link" hash-for-method="userCanSearchWithAutoSuggest">userCanSearchWithAutoSuggest</a> <!-- method navigator-link -->
                      </span>
                      <br/>
                      <span>
                        <img src="passed.png" width="3%"/>
                        <a href="#" panel-name="suite-nopcommerce_Regression_Suite" title="tests.SearchProductUsingAutoSuggest" class="method navigator-link" hash-for-method="userCanSearchWithAutoSuggest">userCanSearchWithAutoSuggest</a> <!-- method navigator-link -->
                      </span>
                      <br/>
                      <span>
                        <img src="passed.png" width="3%"/>
                        <a href="#" panel-name="suite-nopcommerce_Regression_Suite" title="tests.ProductHoverMenuTest" class="method navigator-link" hash-for-method="userCanSelectSubCategoryFromMainMenu">userCanSelectSubCategoryFromMainMenu</a> <!-- method navigator-link -->
                      </span>
                      <br/>
                    </div> <!-- method-list-content passed suite-nopcommerce_Regression_Suite -->
                  </li>
                </ul>
              </div> <!-- suite-section-content -->
            </div> <!-- result-section -->
          </div> <!-- navigator-suite-content -->
        </div> <!-- rounded-window -->
      </div> <!-- suite -->
    </div> <!-- navigator-root -->
    <div class="wrapper">
      <div class="main-panel-root">
        <div panel-name="suite-nopcommerce_Regression_Suite" class="panel nopcommerce_Regression_Suite">
          <div class="suite-nopcommerce_Regression_Suite-class-failed">
            <div class="main-panel-header rounded-window-top">
              <img src="failed.png"/>
              <span class="class-name">tests.RegisteredUserCheckoutProductTest</span>
            </div> <!-- main-panel-header rounded-window-top -->
            <div class="main-panel-content rounded-window-bottom">
              <div class="method">
                <div class="method-content">
                  <a name="RegisteredUserCanLogout">
                  </a> <!-- RegisteredUserCanLogout -->
                  <span class="method-name">RegisteredUserCanLogout</span>
                  <div class="stack-trace">java.lang.NullPointerException
	at tests.RegisteredUserCheckoutProductTest.RegisteredUserCanLogout(RegisteredUserCheckoutProductTest.java:79)
	at java.base/java.util.ArrayList.forEach(ArrayList.java:1541)
... Removed 31 stack frames
</div> <!-- stack-trace -->
                </div> <!-- method-content -->
              </div> <!-- method -->
              <div class="method">
                <div class="method-content">
                  <a name="userCanRegisterSuccessfully">
                  </a> <!-- userCanRegisterSuccessfully -->
                  <span class="method-name">userCanRegisterSuccessfully</span>
                  <div class="stack-trace">org.openqa.selenium.NoSuchElementException: no such element: Unable to locate element: {&quot;method&quot;:&quot;link text&quot;,&quot;selector&quot;:&quot;Register&quot;}
  (Session info: chrome=102.0.5005.115)
For documentation on this error, please visit: https://selenium.dev/exceptions/#no_such_element
Build info: version: &apos;4.2.2&apos;, revision: &apos;683ccb65d6&apos;
System info: host: &apos;DESKTOP-2KD9ONT&apos;, ip: &apos;172.28.192.1&apos;, os.name: &apos;Windows 10&apos;, os.arch: &apos;amd64&apos;, os.version: &apos;10.0&apos;, java.version: &apos;11.0.13&apos;
Driver info: org.openqa.selenium.chrome.ChromeDriver
Command: [22943cf34a68fdd4b454116f5e1e7419, findElement {using=link text, value=Register}]
Capabilities {acceptInsecureCerts: false, browserName: chrome, browserVersion: 102.0.5005.115, chrome: {chromedriverVersion: 102.0.5005.61 (0e59bcc00cc4..., userDataDir: C:\Users\hp\AppData\Local\T...}, goog:chromeOptions: {debuggerAddress: localhost:9350}, networkConnectionEnabled: false, pageLoadStrategy: normal, platformName: WINDOWS, proxy: Proxy(), se:cdp: ws://localhost:9350/devtool..., se:cdpVersion: 102.0.5005.115, setWindowRect: true, strictFileInteractability: false, timeouts: {implicit: 0, pageLoad: 300000, script: 30000}, unhandledPromptBehavior: dismiss and notify, webauthn:extension:credBlob: true, webauthn:extension:largeBlob: true, webauthn:virtualAuthenticators: true}
Session ID: 22943cf34a68fdd4b454116f5e1e7419
	at org.openqa.selenium.remote.codec.w3c.W3CHttpResponseCodec.createException(W3CHttpResponseCodec.java:200)
	at org.openqa.selenium.remote.codec.w3c.W3CHttpResponseCodec.decode(W3CHttpResponseCodec.java:133)
	at org.openqa.selenium.remote.codec.w3c.W3CHttpResponseCodec.decode(W3CHttpResponseCodec.java:53)
	at org.openqa.selenium.remote.HttpCommandExecutor.execute(HttpCommandExecutor.java:184)
	at org.openqa.selenium.remote.service.DriverCommandExecutor.invokeExecute(DriverCommandExecutor.java:167)
	at org.openqa.selenium.remote.service.DriverCommandExecutor.execute(DriverCommandExecutor.java:142)
	at org.openqa.selenium.remote.RemoteWebDriver.execute(RemoteWebDriver.java:588)
	at org.openqa.selenium.remote.ElementLocation$ElementFinder$2.findElement(ElementLocation.java:162)
	at org.openqa.selenium.remote.ElementLocation.findElement(ElementLocation.java:60)
	at org.openqa.selenium.remote.RemoteWebDriver.findElement(RemoteWebDriver.java:406)
	at org.openqa.selenium.remote.RemoteWebDriver.findElement(RemoteWebDriver.java:398)
	at org.openqa.selenium.support.pagefactory.DefaultElementLocator.findElement(DefaultElementLocator.java:70)
	at org.openqa.selenium.support.pagefactory.internal.LocatingElementHandler.invoke(LocatingElementHandler.java:39)
	at com.sun.proxy.$Proxy16.click(Unknown Source)
	at pages.PageBase.clickButton(PageBase.java:25)
	at pages.HomePage.openRegistrationPage(HomePage.java:29)
	at tests.RegisteredUserCheckoutProductTest.userCanRegisterSuccessfully(RegisteredUserCheckoutProductTest.java:38)
	at java.base/java.util.ArrayList.forEach(ArrayList.java:1541)
... Removed 35 stack frames
</div> <!-- stack-trace -->
                </div> <!-- method-content -->
              </div> <!-- method -->
            </div> <!-- main-panel-content rounded-window-bottom -->
          </div> <!-- suite-nopcommerce_Regression_Suite-class-failed -->
          <div class="suite-nopcommerce_Regression_Suite-class-failed">
            <div class="main-panel-header rounded-window-top">
              <img src="failed.png"/>
              <span class="class-name">tests.ChangeCurrencyTest</span>
            </div> <!-- main-panel-header rounded-window-top -->
            <div class="main-panel-content rounded-window-bottom">
              <div class="method">
                <div class="method-content">
                  <a name="userCanSearchWithAutoSuggest">
                  </a> <!-- userCanSearchWithAutoSuggest -->
                  <span class="method-name">userCanSearchWithAutoSuggest</span>
                  <div class="stack-trace">java.lang.AssertionError: expected [true] but found [false]
	at tests.ChangeCurrencyTest.userCanSearchWithAutoSuggest(ChangeCurrencyTest.java:28)
	at java.base/java.util.ArrayList.forEach(ArrayList.java:1541)
... Removed 35 stack frames
</div> <!-- stack-trace -->
                </div> <!-- method-content -->
              </div> <!-- method -->
            </div> <!-- main-panel-content rounded-window-bottom -->
          </div> <!-- suite-nopcommerce_Regression_Suite-class-failed -->
          <div class="suite-nopcommerce_Regression_Suite-class-failed">
            <div class="main-panel-header rounded-window-top">
              <img src="failed.png"/>
              <span class="class-name">tests.MyAccountTest</span>
            </div> <!-- main-panel-header rounded-window-top -->
            <div class="main-panel-content rounded-window-bottom">
              <div class="method">
                <div class="method-content">
                  <a name="userCanRegisterSuccessfully">
                  </a> <!-- userCanRegisterSuccessfully -->
                  <span class="method-name">userCanRegisterSuccessfully</span>
                  <div class="stack-trace">org.openqa.selenium.NoSuchElementException: no such element: Unable to locate element: {&quot;method&quot;:&quot;link text&quot;,&quot;selector&quot;:&quot;Register&quot;}
  (Session info: chrome=102.0.5005.115)
For documentation on this error, please visit: https://selenium.dev/exceptions/#no_such_element
Build info: version: &apos;4.2.2&apos;, revision: &apos;683ccb65d6&apos;
System info: host: &apos;DESKTOP-2KD9ONT&apos;, ip: &apos;172.28.192.1&apos;, os.name: &apos;Windows 10&apos;, os.arch: &apos;amd64&apos;, os.version: &apos;10.0&apos;, java.version: &apos;11.0.13&apos;
Driver info: org.openqa.selenium.chrome.ChromeDriver
Command: [22943cf34a68fdd4b454116f5e1e7419, findElement {using=link text, value=Register}]
Capabilities {acceptInsecureCerts: false, browserName: chrome, browserVersion: 102.0.5005.115, chrome: {chromedriverVersion: 102.0.5005.61 (0e59bcc00cc4..., userDataDir: C:\Users\hp\AppData\Local\T...}, goog:chromeOptions: {debuggerAddress: localhost:9350}, networkConnectionEnabled: false, pageLoadStrategy: normal, platformName: WINDOWS, proxy: Proxy(), se:cdp: ws://localhost:9350/devtool..., se:cdpVersion: 102.0.5005.115, setWindowRect: true, strictFileInteractability: false, timeouts: {implicit: 0, pageLoad: 300000, script: 30000}, unhandledPromptBehavior: dismiss and notify, webauthn:extension:credBlob: true, webauthn:extension:largeBlob: true, webauthn:virtualAuthenticators: true}
Session ID: 22943cf34a68fdd4b454116f5e1e7419
	at org.openqa.selenium.remote.codec.w3c.W3CHttpResponseCodec.createException(W3CHttpResponseCodec.java:200)
	at org.openqa.selenium.remote.codec.w3c.W3CHttpResponseCodec.decode(W3CHttpResponseCodec.java:133)
	at org.openqa.selenium.remote.codec.w3c.W3CHttpResponseCodec.decode(W3CHttpResponseCodec.java:53)
	at org.openqa.selenium.remote.HttpCommandExecutor.execute(HttpCommandExecutor.java:184)
	at org.openqa.selenium.remote.service.DriverCommandExecutor.invokeExecute(DriverCommandExecutor.java:167)
	at org.openqa.selenium.remote.service.DriverCommandExecutor.execute(DriverCommandExecutor.java:142)
	at org.openqa.selenium.remote.RemoteWebDriver.execute(RemoteWebDriver.java:588)
	at org.openqa.selenium.remote.ElementLocation$ElementFinder$2.findElement(ElementLocation.java:162)
	at org.openqa.selenium.remote.ElementLocation.findElement(ElementLocation.java:60)
	at org.openqa.selenium.remote.RemoteWebDriver.findElement(RemoteWebDriver.java:406)
	at org.openqa.selenium.remote.RemoteWebDriver.findElement(RemoteWebDriver.java:398)
	at org.openqa.selenium.support.pagefactory.DefaultElementLocator.findElement(DefaultElementLocator.java:70)
	at org.openqa.selenium.support.pagefactory.internal.LocatingElementHandler.invoke(LocatingElementHandler.java:39)
	at com.sun.proxy.$Proxy16.click(Unknown Source)
	at pages.PageBase.clickButton(PageBase.java:25)
	at pages.HomePage.openRegistrationPage(HomePage.java:29)
	at tests.MyAccountTest.userCanRegisterSuccessfully(MyAccountTest.java:82)
	at java.base/java.util.ArrayList.forEach(ArrayList.java:1541)
... Removed 35 stack frames
</div> <!-- stack-trace -->
                </div> <!-- method-content -->
              </div> <!-- method -->
            </div> <!-- main-panel-content rounded-window-bottom -->
          </div> <!-- suite-nopcommerce_Regression_Suite-class-failed -->
          <div class="suite-nopcommerce_Regression_Suite-class-failed">
            <div class="main-panel-header rounded-window-top">
              <img src="failed.png"/>
              <span class="class-name">tests.EmailFriendTest</span>
            </div> <!-- main-panel-header rounded-window-top -->
            <div class="main-panel-content rounded-window-bottom">
              <div class="method">
                <div class="method-content">
                  <a name="RegisteredUserCanLogout">
                  </a> <!-- RegisteredUserCanLogout -->
                  <span class="method-name">RegisteredUserCanLogout</span>
                  <div class="stack-trace">java.lang.NullPointerException
	at tests.EmailFriendTest.RegisteredUserCanLogout(EmailFriendTest.java:48)
	at java.base/java.util.ArrayList.forEach(ArrayList.java:1541)
... Removed 31 stack frames
</div> <!-- stack-trace -->
                </div> <!-- method-content -->
              </div> <!-- method -->
              <div class="method">
                <div class="method-content">
                  <a name="userCanRegisterSuccessfully">
                  </a> <!-- userCanRegisterSuccessfully -->
                  <span class="method-name">userCanRegisterSuccessfully</span>
                  <div class="stack-trace">org.openqa.selenium.NoSuchElementException: no such element: Unable to locate element: {&quot;method&quot;:&quot;link text&quot;,&quot;selector&quot;:&quot;Register&quot;}
  (Session info: chrome=102.0.5005.115)
For documentation on this error, please visit: https://selenium.dev/exceptions/#no_such_element
Build info: version: &apos;4.2.2&apos;, revision: &apos;683ccb65d6&apos;
System info: host: &apos;DESKTOP-2KD9ONT&apos;, ip: &apos;172.28.192.1&apos;, os.name: &apos;Windows 10&apos;, os.arch: &apos;amd64&apos;, os.version: &apos;10.0&apos;, java.version: &apos;11.0.13&apos;
Driver info: org.openqa.selenium.chrome.ChromeDriver
Command: [22943cf34a68fdd4b454116f5e1e7419, findElement {using=link text, value=Register}]
Capabilities {acceptInsecureCerts: false, browserName: chrome, browserVersion: 102.0.5005.115, chrome: {chromedriverVersion: 102.0.5005.61 (0e59bcc00cc4..., userDataDir: C:\Users\hp\AppData\Local\T...}, goog:chromeOptions: {debuggerAddress: localhost:9350}, networkConnectionEnabled: false, pageLoadStrategy: normal, platformName: WINDOWS, proxy: Proxy(), se:cdp: ws://localhost:9350/devtool..., se:cdpVersion: 102.0.5005.115, setWindowRect: true, strictFileInteractability: false, timeouts: {implicit: 0, pageLoad: 300000, script: 30000}, unhandledPromptBehavior: dismiss and notify, webauthn:extension:credBlob: true, webauthn:extension:largeBlob: true, webauthn:virtualAuthenticators: true}
Session ID: 22943cf34a68fdd4b454116f5e1e7419
	at org.openqa.selenium.remote.codec.w3c.W3CHttpResponseCodec.createException(W3CHttpResponseCodec.java:200)
	at org.openqa.selenium.remote.codec.w3c.W3CHttpResponseCodec.decode(W3CHttpResponseCodec.java:133)
	at org.openqa.selenium.remote.codec.w3c.W3CHttpResponseCodec.decode(W3CHttpResponseCodec.java:53)
	at org.openqa.selenium.remote.HttpCommandExecutor.execute(HttpCommandExecutor.java:184)
	at org.openqa.selenium.remote.service.DriverCommandExecutor.invokeExecute(DriverCommandExecutor.java:167)
	at org.openqa.selenium.remote.service.DriverCommandExecutor.execute(DriverCommandExecutor.java:142)
	at org.openqa.selenium.remote.RemoteWebDriver.execute(RemoteWebDriver.java:588)
	at org.openqa.selenium.remote.ElementLocation$ElementFinder$2.findElement(ElementLocation.java:162)
	at org.openqa.selenium.remote.ElementLocation.findElement(ElementLocation.java:60)
	at org.openqa.selenium.remote.RemoteWebDriver.findElement(RemoteWebDriver.java:406)
	at org.openqa.selenium.remote.RemoteWebDriver.findElement(RemoteWebDriver.java:398)
	at org.openqa.selenium.support.pagefactory.DefaultElementLocator.findElement(DefaultElementLocator.java:70)
	at org.openqa.selenium.support.pagefactory.internal.LocatingElementHandler.invoke(LocatingElementHandler.java:39)
	at com.sun.proxy.$Proxy16.click(Unknown Source)
	at pages.PageBase.clickButton(PageBase.java:25)
	at pages.HomePage.openRegistrationPage(HomePage.java:29)
	at tests.EmailFriendTest.userCanRegisterSuccessfully(EmailFriendTest.java:23)
	at java.base/java.util.ArrayList.forEach(ArrayList.java:1541)
... Removed 35 stack frames
</div> <!-- stack-trace -->
                </div> <!-- method-content -->
              </div> <!-- method -->
            </div> <!-- main-panel-content rounded-window-bottom -->
          </div> <!-- suite-nopcommerce_Regression_Suite-class-failed -->
          <div class="suite-nopcommerce_Regression_Suite-class-failed">
            <div class="main-panel-header rounded-window-top">
              <img src="failed.png"/>
              <span class="class-name">tests.ContactUsTest</span>
            </div> <!-- main-panel-header rounded-window-top -->
            <div class="main-panel-content rounded-window-bottom">
              <div class="method">
                <div class="method-content">
                  <a name="userCanUseContactUs">
                  </a> <!-- userCanUseContactUs -->
                  <span class="method-name">userCanUseContactUs</span>
                  <div class="stack-trace">org.openqa.selenium.NoSuchElementException: no such element: Unable to locate element: {&quot;method&quot;:&quot;css selector&quot;,&quot;selector&quot;:&quot;div.result&quot;}
  (Session info: chrome=102.0.5005.115)
For documentation on this error, please visit: https://selenium.dev/exceptions/#no_such_element
Build info: version: &apos;4.2.2&apos;, revision: &apos;683ccb65d6&apos;
System info: host: &apos;DESKTOP-2KD9ONT&apos;, ip: &apos;172.28.192.1&apos;, os.name: &apos;Windows 10&apos;, os.arch: &apos;amd64&apos;, os.version: &apos;10.0&apos;, java.version: &apos;11.0.13&apos;
Driver info: org.openqa.selenium.chrome.ChromeDriver
Command: [22943cf34a68fdd4b454116f5e1e7419, findElement {using=css selector, value=div.result}]
Capabilities {acceptInsecureCerts: false, browserName: chrome, browserVersion: 102.0.5005.115, chrome: {chromedriverVersion: 102.0.5005.61 (0e59bcc00cc4..., userDataDir: C:\Users\hp\AppData\Local\T...}, goog:chromeOptions: {debuggerAddress: localhost:9350}, networkConnectionEnabled: false, pageLoadStrategy: normal, platformName: WINDOWS, proxy: Proxy(), se:cdp: ws://localhost:9350/devtool..., se:cdpVersion: 102.0.5005.115, setWindowRect: true, strictFileInteractability: false, timeouts: {implicit: 0, pageLoad: 300000, script: 30000}, unhandledPromptBehavior: dismiss and notify, webauthn:extension:credBlob: true, webauthn:extension:largeBlob: true, webauthn:virtualAuthenticators: true}
Session ID: 22943cf34a68fdd4b454116f5e1e7419
	at org.openqa.selenium.remote.codec.w3c.W3CHttpResponseCodec.createException(W3CHttpResponseCodec.java:200)
	at org.openqa.selenium.remote.codec.w3c.W3CHttpResponseCodec.decode(W3CHttpResponseCodec.java:133)
	at org.openqa.selenium.remote.codec.w3c.W3CHttpResponseCodec.decode(W3CHttpResponseCodec.java:53)
	at org.openqa.selenium.remote.HttpCommandExecutor.execute(HttpCommandExecutor.java:184)
	at org.openqa.selenium.remote.service.DriverCommandExecutor.invokeExecute(DriverCommandExecutor.java:167)
	at org.openqa.selenium.remote.service.DriverCommandExecutor.execute(DriverCommandExecutor.java:142)
	at org.openqa.selenium.remote.RemoteWebDriver.execute(RemoteWebDriver.java:588)
	at org.openqa.selenium.remote.ElementLocation$ElementFinder$2.findElement(ElementLocation.java:162)
	at org.openqa.selenium.remote.ElementLocation.findElement(ElementLocation.java:60)
	at org.openqa.selenium.remote.RemoteWebDriver.findElement(RemoteWebDriver.java:406)
	at org.openqa.selenium.remote.RemoteWebDriver.findElement(RemoteWebDriver.java:398)
	at org.openqa.selenium.support.pagefactory.DefaultElementLocator.findElement(DefaultElementLocator.java:70)
	at org.openqa.selenium.support.pagefactory.internal.LocatingElementHandler.invoke(LocatingElementHandler.java:39)
	at com.sun.proxy.$Proxy16.getText(Unknown Source)
	at tests.ContactUsTest.userCanUseContactUs(ContactUsTest.java:44)
	at java.base/java.util.ArrayList.forEach(ArrayList.java:1541)
... Removed 35 stack frames
</div> <!-- stack-trace -->
                </div> <!-- method-content -->
              </div> <!-- method -->
            </div> <!-- main-panel-content rounded-window-bottom -->
          </div> <!-- suite-nopcommerce_Regression_Suite-class-failed -->
          <div class="suite-nopcommerce_Regression_Suite-class-failed">
            <div class="main-panel-header rounded-window-top">
              <img src="failed.png"/>
              <span class="class-name">tests.SearchProductTest</span>
            </div> <!-- main-panel-header rounded-window-top -->
            <div class="main-panel-content rounded-window-bottom">
              <div class="method">
                <div class="method-content">
                  <a name="userCanSearchForProducts">
                  </a> <!-- userCanSearchForProducts -->
                  <span class="method-name">userCanSearchForProducts</span>
                  <div class="stack-trace">org.openqa.selenium.NoSuchElementException: no such element: Unable to locate element: {&quot;method&quot;:&quot;css selector&quot;,&quot;selector&quot;:&quot;strong.current-item&quot;}
  (Session info: chrome=102.0.5005.115)
For documentation on this error, please visit: https://selenium.dev/exceptions/#no_such_element
Build info: version: &apos;4.2.2&apos;, revision: &apos;683ccb65d6&apos;
System info: host: &apos;DESKTOP-2KD9ONT&apos;, ip: &apos;172.28.192.1&apos;, os.name: &apos;Windows 10&apos;, os.arch: &apos;amd64&apos;, os.version: &apos;10.0&apos;, java.version: &apos;11.0.13&apos;
Driver info: org.openqa.selenium.chrome.ChromeDriver
Command: [22943cf34a68fdd4b454116f5e1e7419, findElement {using=css selector, value=strong.current-item}]
Capabilities {acceptInsecureCerts: false, browserName: chrome, browserVersion: 102.0.5005.115, chrome: {chromedriverVersion: 102.0.5005.61 (0e59bcc00cc4..., userDataDir: C:\Users\hp\AppData\Local\T...}, goog:chromeOptions: {debuggerAddress: localhost:9350}, networkConnectionEnabled: false, pageLoadStrategy: normal, platformName: WINDOWS, proxy: Proxy(), se:cdp: ws://localhost:9350/devtool..., se:cdpVersion: 102.0.5005.115, setWindowRect: true, strictFileInteractability: false, timeouts: {implicit: 0, pageLoad: 300000, script: 30000}, unhandledPromptBehavior: dismiss and notify, webauthn:extension:credBlob: true, webauthn:extension:largeBlob: true, webauthn:virtualAuthenticators: true}
Session ID: 22943cf34a68fdd4b454116f5e1e7419
	at org.openqa.selenium.remote.codec.w3c.W3CHttpResponseCodec.createException(W3CHttpResponseCodec.java:200)
	at org.openqa.selenium.remote.codec.w3c.W3CHttpResponseCodec.decode(W3CHttpResponseCodec.java:133)
	at org.openqa.selenium.remote.codec.w3c.W3CHttpResponseCodec.decode(W3CHttpResponseCodec.java:53)
	at org.openqa.selenium.remote.HttpCommandExecutor.execute(HttpCommandExecutor.java:184)
	at org.openqa.selenium.remote.service.DriverCommandExecutor.invokeExecute(DriverCommandExecutor.java:167)
	at org.openqa.selenium.remote.service.DriverCommandExecutor.execute(DriverCommandExecutor.java:142)
	at org.openqa.selenium.remote.RemoteWebDriver.execute(RemoteWebDriver.java:588)
	at org.openqa.selenium.remote.ElementLocation$ElementFinder$2.findElement(ElementLocation.java:162)
	at org.openqa.selenium.remote.ElementLocation.findElement(ElementLocation.java:60)
	at org.openqa.selenium.remote.RemoteWebDriver.findElement(RemoteWebDriver.java:406)
	at org.openqa.selenium.remote.RemoteWebDriver.findElement(RemoteWebDriver.java:398)
	at org.openqa.selenium.support.pagefactory.DefaultElementLocator.findElement(DefaultElementLocator.java:70)
	at org.openqa.selenium.support.pagefactory.internal.LocatingElementHandler.invoke(LocatingElementHandler.java:39)
	at com.sun.proxy.$Proxy16.getText(Unknown Source)
	at tests.SearchProductTest.userCanSearchForProducts(SearchProductTest.java:40)
	at java.base/java.util.ArrayList.forEach(ArrayList.java:1541)
... Removed 35 stack frames
</div> <!-- stack-trace -->
                </div> <!-- method-content -->
              </div> <!-- method -->
            </div> <!-- main-panel-content rounded-window-bottom -->
          </div> <!-- suite-nopcommerce_Regression_Suite-class-failed -->
          <div class="suite-nopcommerce_Regression_Suite-class-failed">
            <div class="main-panel-header rounded-window-top">
              <img src="failed.png"/>
              <span class="class-name">tests.GuestCheckoutProductFromCart</span>
            </div> <!-- main-panel-header rounded-window-top -->
            <div class="main-panel-content rounded-window-bottom">
              <div class="method">
                <div class="method-content">
                  <a name="userCanCheckoutProduct">
                  </a> <!-- userCanCheckoutProduct -->
                  <span class="method-name">userCanCheckoutProduct</span>
                  <div class="stack-trace">org.openqa.selenium.NoSuchElementException: no such element: Unable to locate element: {&quot;method&quot;:&quot;css selector&quot;,&quot;selector&quot;:&quot;.checkout-as-guest-or-register-block .buttons button.checkout-as-guest-button&quot;}
  (Session info: chrome=102.0.5005.115)
For documentation on this error, please visit: https://selenium.dev/exceptions/#no_such_element
Build info: version: &apos;4.2.2&apos;, revision: &apos;683ccb65d6&apos;
System info: host: &apos;DESKTOP-2KD9ONT&apos;, ip: &apos;172.28.192.1&apos;, os.name: &apos;Windows 10&apos;, os.arch: &apos;amd64&apos;, os.version: &apos;10.0&apos;, java.version: &apos;11.0.13&apos;
Driver info: org.openqa.selenium.chrome.ChromeDriver
Command: [22943cf34a68fdd4b454116f5e1e7419, findElement {using=css selector, value=.checkout-as-guest-or-register-block .buttons button.checkout-as-guest-button}]
Capabilities {acceptInsecureCerts: false, browserName: chrome, browserVersion: 102.0.5005.115, chrome: {chromedriverVersion: 102.0.5005.61 (0e59bcc00cc4..., userDataDir: C:\Users\hp\AppData\Local\T...}, goog:chromeOptions: {debuggerAddress: localhost:9350}, networkConnectionEnabled: false, pageLoadStrategy: normal, platformName: WINDOWS, proxy: Proxy(), se:cdp: ws://localhost:9350/devtool..., se:cdpVersion: 102.0.5005.115, setWindowRect: true, strictFileInteractability: false, timeouts: {implicit: 0, pageLoad: 300000, script: 30000}, unhandledPromptBehavior: dismiss and notify, webauthn:extension:credBlob: true, webauthn:extension:largeBlob: true, webauthn:virtualAuthenticators: true}
Session ID: 22943cf34a68fdd4b454116f5e1e7419
	at org.openqa.selenium.remote.codec.w3c.W3CHttpResponseCodec.createException(W3CHttpResponseCodec.java:200)
	at org.openqa.selenium.remote.codec.w3c.W3CHttpResponseCodec.decode(W3CHttpResponseCodec.java:133)
	at org.openqa.selenium.remote.codec.w3c.W3CHttpResponseCodec.decode(W3CHttpResponseCodec.java:53)
	at org.openqa.selenium.remote.HttpCommandExecutor.execute(HttpCommandExecutor.java:184)
	at org.openqa.selenium.remote.service.DriverCommandExecutor.invokeExecute(DriverCommandExecutor.java:167)
	at org.openqa.selenium.remote.service.DriverCommandExecutor.execute(DriverCommandExecutor.java:142)
	at org.openqa.selenium.remote.RemoteWebDriver.execute(RemoteWebDriver.java:588)
	at org.openqa.selenium.remote.ElementLocation$ElementFinder$2.findElement(ElementLocation.java:162)
	at org.openqa.selenium.remote.ElementLocation.findElement(ElementLocation.java:60)
	at org.openqa.selenium.remote.RemoteWebDriver.findElement(RemoteWebDriver.java:406)
	at org.openqa.selenium.remote.RemoteWebDriver.findElement(RemoteWebDriver.java:398)
	at org.openqa.selenium.support.pagefactory.DefaultElementLocator.findElement(DefaultElementLocator.java:70)
	at org.openqa.selenium.support.pagefactory.internal.LocatingElementHandler.invoke(LocatingElementHandler.java:39)
	at com.sun.proxy.$Proxy16.click(Unknown Source)
	at pages.PageBase.clickButton(PageBase.java:25)
	at pages.ShoppingCartPage.openCheckoutPageAsGuest(ShoppingCartPage.java:42)
	at tests.GuestCheckoutProductFromCart.userCanCheckoutProduct(GuestCheckoutProductFromCart.java:49)
	at java.base/java.util.ArrayList.forEach(ArrayList.java:1541)
... Removed 35 stack frames
</div> <!-- stack-trace -->
                </div> <!-- method-content -->
              </div> <!-- method -->
              <div class="method">
                <div class="method-content">
                  <a name="userCanViewOrderDetails">
                  </a> <!-- userCanViewOrderDetails -->
                  <span class="method-name">userCanViewOrderDetails</span>
                  <div class="stack-trace">org.openqa.selenium.NoSuchElementException: no such element: Unable to locate element: {&quot;method&quot;:&quot;css selector&quot;,&quot;selector&quot;:&quot;.details .details-link a&quot;}
  (Session info: chrome=102.0.5005.115)
For documentation on this error, please visit: https://selenium.dev/exceptions/#no_such_element
Build info: version: &apos;4.2.2&apos;, revision: &apos;683ccb65d6&apos;
System info: host: &apos;DESKTOP-2KD9ONT&apos;, ip: &apos;172.28.192.1&apos;, os.name: &apos;Windows 10&apos;, os.arch: &apos;amd64&apos;, os.version: &apos;10.0&apos;, java.version: &apos;11.0.13&apos;
Driver info: org.openqa.selenium.chrome.ChromeDriver
Command: [22943cf34a68fdd4b454116f5e1e7419, findElement {using=css selector, value=.details .details-link a}]
Capabilities {acceptInsecureCerts: false, browserName: chrome, browserVersion: 102.0.5005.115, chrome: {chromedriverVersion: 102.0.5005.61 (0e59bcc00cc4..., userDataDir: C:\Users\hp\AppData\Local\T...}, goog:chromeOptions: {debuggerAddress: localhost:9350}, networkConnectionEnabled: false, pageLoadStrategy: normal, platformName: WINDOWS, proxy: Proxy(), se:cdp: ws://localhost:9350/devtool..., se:cdpVersion: 102.0.5005.115, setWindowRect: true, strictFileInteractability: false, timeouts: {implicit: 0, pageLoad: 300000, script: 30000}, unhandledPromptBehavior: dismiss and notify, webauthn:extension:credBlob: true, webauthn:extension:largeBlob: true, webauthn:virtualAuthenticators: true}
Session ID: 22943cf34a68fdd4b454116f5e1e7419
	at org.openqa.selenium.remote.codec.w3c.W3CHttpResponseCodec.createException(W3CHttpResponseCodec.java:200)
	at org.openqa.selenium.remote.codec.w3c.W3CHttpResponseCodec.decode(W3CHttpResponseCodec.java:133)
	at org.openqa.selenium.remote.codec.w3c.W3CHttpResponseCodec.decode(W3CHttpResponseCodec.java:53)
	at org.openqa.selenium.remote.HttpCommandExecutor.execute(HttpCommandExecutor.java:184)
	at org.openqa.selenium.remote.service.DriverCommandExecutor.invokeExecute(DriverCommandExecutor.java:167)
	at org.openqa.selenium.remote.service.DriverCommandExecutor.execute(DriverCommandExecutor.java:142)
	at org.openqa.selenium.remote.RemoteWebDriver.execute(RemoteWebDriver.java:588)
	at org.openqa.selenium.remote.ElementLocation$ElementFinder$2.findElement(ElementLocation.java:162)
	at org.openqa.selenium.remote.ElementLocation.findElement(ElementLocation.java:60)
	at org.openqa.selenium.remote.RemoteWebDriver.findElement(RemoteWebDriver.java:406)
	at org.openqa.selenium.remote.RemoteWebDriver.findElement(RemoteWebDriver.java:398)
	at org.openqa.selenium.support.pagefactory.DefaultElementLocator.findElement(DefaultElementLocator.java:70)
	at org.openqa.selenium.support.pagefactory.internal.LocatingElementHandler.invoke(LocatingElementHandler.java:39)
	at com.sun.proxy.$Proxy16.click(Unknown Source)
	at pages.PageBase.clickButton(PageBase.java:25)
	at pages.CheckoutPage.viewOrderDetails(CheckoutPage.java:94)
	at tests.GuestCheckoutProductFromCart.userCanViewOrderDetails(GuestCheckoutProductFromCart.java:59)
	at java.base/java.util.ArrayList.forEach(ArrayList.java:1541)
... Removed 35 stack frames
</div> <!-- stack-trace -->
                </div> <!-- method-content -->
              </div> <!-- method -->
            </div> <!-- main-panel-content rounded-window-bottom -->
          </div> <!-- suite-nopcommerce_Regression_Suite-class-failed -->
          <div class="suite-nopcommerce_Regression_Suite-class-failed">
            <div class="main-panel-header rounded-window-top">
              <img src="failed.png"/>
              <span class="class-name">tests.AddProductToWishlistTest</span>
            </div> <!-- main-panel-header rounded-window-top -->
            <div class="main-panel-content rounded-window-bottom">
              <div class="method">
                <div class="method-content">
                  <a name="userCanAddProductToWishlist">
                  </a> <!-- userCanAddProductToWishlist -->
                  <span class="method-name">userCanAddProductToWishlist</span>
                  <div class="stack-trace">org.openqa.selenium.NoSuchElementException: no such element: Unable to locate element: {&quot;method&quot;:&quot;css selector&quot;,&quot;selector&quot;:&quot;#add\-to\-wishlist\-button\-4&quot;}
  (Session info: chrome=102.0.5005.115)
For documentation on this error, please visit: https://selenium.dev/exceptions/#no_such_element
Build info: version: &apos;4.2.2&apos;, revision: &apos;683ccb65d6&apos;
System info: host: &apos;DESKTOP-2KD9ONT&apos;, ip: &apos;172.28.192.1&apos;, os.name: &apos;Windows 10&apos;, os.arch: &apos;amd64&apos;, os.version: &apos;10.0&apos;, java.version: &apos;11.0.13&apos;
Driver info: org.openqa.selenium.chrome.ChromeDriver
Command: [22943cf34a68fdd4b454116f5e1e7419, findElement {using=id, value=add-to-wishlist-button-4}]
Capabilities {acceptInsecureCerts: false, browserName: chrome, browserVersion: 102.0.5005.115, chrome: {chromedriverVersion: 102.0.5005.61 (0e59bcc00cc4..., userDataDir: C:\Users\hp\AppData\Local\T...}, goog:chromeOptions: {debuggerAddress: localhost:9350}, networkConnectionEnabled: false, pageLoadStrategy: normal, platformName: WINDOWS, proxy: Proxy(), se:cdp: ws://localhost:9350/devtool..., se:cdpVersion: 102.0.5005.115, setWindowRect: true, strictFileInteractability: false, timeouts: {implicit: 0, pageLoad: 300000, script: 30000}, unhandledPromptBehavior: dismiss and notify, webauthn:extension:credBlob: true, webauthn:extension:largeBlob: true, webauthn:virtualAuthenticators: true}
Session ID: 22943cf34a68fdd4b454116f5e1e7419
	at org.openqa.selenium.remote.codec.w3c.W3CHttpResponseCodec.createException(W3CHttpResponseCodec.java:200)
	at org.openqa.selenium.remote.codec.w3c.W3CHttpResponseCodec.decode(W3CHttpResponseCodec.java:133)
	at org.openqa.selenium.remote.codec.w3c.W3CHttpResponseCodec.decode(W3CHttpResponseCodec.java:53)
	at org.openqa.selenium.remote.HttpCommandExecutor.execute(HttpCommandExecutor.java:184)
	at org.openqa.selenium.remote.service.DriverCommandExecutor.invokeExecute(DriverCommandExecutor.java:167)
	at org.openqa.selenium.remote.service.DriverCommandExecutor.execute(DriverCommandExecutor.java:142)
	at org.openqa.selenium.remote.RemoteWebDriver.execute(RemoteWebDriver.java:588)
	at org.openqa.selenium.remote.ElementLocation$ElementFinder$2.findElement(ElementLocation.java:162)
	at org.openqa.selenium.remote.ElementLocation.findElement(ElementLocation.java:60)
	at org.openqa.selenium.remote.RemoteWebDriver.findElement(RemoteWebDriver.java:406)
	at org.openqa.selenium.remote.RemoteWebDriver.findElement(RemoteWebDriver.java:398)
	at org.openqa.selenium.support.pagefactory.DefaultElementLocator.findElement(DefaultElementLocator.java:70)
	at org.openqa.selenium.support.pagefactory.internal.LocatingElementHandler.invoke(LocatingElementHandler.java:39)
	at com.sun.proxy.$Proxy16.click(Unknown Source)
	at pages.PageBase.clickButton(PageBase.java:25)
	at pages.ProductDetailsPage.addProductToWishlist(ProductDetailsPage.java:35)
	at tests.AddProductToWishlistTest.userCanAddProductToWishlist(AddProductToWishlistTest.java:25)
	at java.base/java.util.ArrayList.forEach(ArrayList.java:1541)
... Removed 35 stack frames
</div> <!-- stack-trace -->
                </div> <!-- method-content -->
              </div> <!-- method -->
              <div class="method">
                <div class="method-content">
                  <a name="userCanRemoveProductFromCart">
                  </a> <!-- userCanRemoveProductFromCart -->
                  <span class="method-name">userCanRemoveProductFromCart</span>
                  <div class="stack-trace">org.openqa.selenium.NoSuchElementException: no such element: Unable to locate element: {&quot;method&quot;:&quot;css selector&quot;,&quot;selector&quot;:&quot;td.remove-from-cart [name=&apos;updatecart&apos;]&quot;}
  (Session info: chrome=102.0.5005.115)
For documentation on this error, please visit: https://selenium.dev/exceptions/#no_such_element
Build info: version: &apos;4.2.2&apos;, revision: &apos;683ccb65d6&apos;
System info: host: &apos;DESKTOP-2KD9ONT&apos;, ip: &apos;172.28.192.1&apos;, os.name: &apos;Windows 10&apos;, os.arch: &apos;amd64&apos;, os.version: &apos;10.0&apos;, java.version: &apos;11.0.13&apos;
Driver info: org.openqa.selenium.chrome.ChromeDriver
Command: [22943cf34a68fdd4b454116f5e1e7419, findElement {using=css selector, value=td.remove-from-cart [name=&apos;updatecart&apos;]}]
Capabilities {acceptInsecureCerts: false, browserName: chrome, browserVersion: 102.0.5005.115, chrome: {chromedriverVersion: 102.0.5005.61 (0e59bcc00cc4..., userDataDir: C:\Users\hp\AppData\Local\T...}, goog:chromeOptions: {debuggerAddress: localhost:9350}, networkConnectionEnabled: false, pageLoadStrategy: normal, platformName: WINDOWS, proxy: Proxy(), se:cdp: ws://localhost:9350/devtool..., se:cdpVersion: 102.0.5005.115, setWindowRect: true, strictFileInteractability: false, timeouts: {implicit: 0, pageLoad: 300000, script: 30000}, unhandledPromptBehavior: dismiss and notify, webauthn:extension:credBlob: true, webauthn:extension:largeBlob: true, webauthn:virtualAuthenticators: true}
Session ID: 22943cf34a68fdd4b454116f5e1e7419
	at org.openqa.selenium.remote.codec.w3c.W3CHttpResponseCodec.createException(W3CHttpResponseCodec.java:200)
	at org.openqa.selenium.remote.codec.w3c.W3CHttpResponseCodec.decode(W3CHttpResponseCodec.java:133)
	at org.openqa.selenium.remote.codec.w3c.W3CHttpResponseCodec.decode(W3CHttpResponseCodec.java:53)
	at org.openqa.selenium.remote.HttpCommandExecutor.execute(HttpCommandExecutor.java:184)
	at org.openqa.selenium.remote.service.DriverCommandExecutor.invokeExecute(DriverCommandExecutor.java:167)
	at org.openqa.selenium.remote.service.DriverCommandExecutor.execute(DriverCommandExecutor.java:142)
	at org.openqa.selenium.remote.RemoteWebDriver.execute(RemoteWebDriver.java:588)
	at org.openqa.selenium.remote.ElementLocation$ElementFinder$2.findElement(ElementLocation.java:162)
	at org.openqa.selenium.remote.ElementLocation.findElement(ElementLocation.java:60)
	at org.openqa.selenium.remote.RemoteWebDriver.findElement(RemoteWebDriver.java:406)
	at org.openqa.selenium.remote.RemoteWebDriver.findElement(RemoteWebDriver.java:398)
	at org.openqa.selenium.support.pagefactory.DefaultElementLocator.findElement(DefaultElementLocator.java:70)
	at org.openqa.selenium.support.pagefactory.internal.LocatingElementHandler.invoke(LocatingElementHandler.java:39)
	at com.sun.proxy.$Proxy16.click(Unknown Source)
	at pages.PageBase.clickButton(PageBase.java:25)
	at pages.WishlistPage.removeProductFromWishlist(WishlistPage.java:22)
	at tests.AddProductToWishlistTest.userCanRemoveProductFromCart(AddProductToWishlistTest.java:35)
	at java.base/java.util.ArrayList.forEach(ArrayList.java:1541)
... Removed 35 stack frames
</div> <!-- stack-trace -->
                </div> <!-- method-content -->
              </div> <!-- method -->
              <div class="method">
                <div class="method-content">
                  <a name="userCanSearchWithAutoSuggest">
                  </a> <!-- userCanSearchWithAutoSuggest -->
                  <span class="method-name">userCanSearchWithAutoSuggest</span>
                  <div class="stack-trace">java.lang.IndexOutOfBoundsException: Index 0 out of bounds for length 0
	at java.base/jdk.internal.util.Preconditions.outOfBounds(Preconditions.java:64)
	at java.base/jdk.internal.util.Preconditions.outOfBoundsCheckIndex(Preconditions.java:70)
	at java.base/jdk.internal.util.Preconditions.checkIndex(Preconditions.java:248)
	at java.base/java.util.Objects.checkIndex(Objects.java:372)
	at java.base/java.util.ArrayList.get(ArrayList.java:459)
	at org.openqa.selenium.support.pagefactory.internal.LocatingElementListHandler.invoke(LocatingElementListHandler.java:40)
	at com.sun.proxy.$Proxy17.get(Unknown Source)
	at pages.SearchPage.productSearchUsingAutoSuggest(SearchPage.java:31)
	at tests.AddProductToWishlistTest.userCanSearchWithAutoSuggest(AddProductToWishlistTest.java:19)
	at java.base/java.util.ArrayList.forEach(ArrayList.java:1541)
... Removed 35 stack frames
</div> <!-- stack-trace -->
                </div> <!-- method-content -->
              </div> <!-- method -->
            </div> <!-- main-panel-content rounded-window-bottom -->
          </div> <!-- suite-nopcommerce_Regression_Suite-class-failed -->
          <div class="suite-nopcommerce_Regression_Suite-class-failed">
            <div class="main-panel-header rounded-window-top">
              <img src="failed.png"/>
              <span class="class-name">tests.AddProductReviewTest</span>
            </div> <!-- main-panel-header rounded-window-top -->
            <div class="main-panel-content rounded-window-bottom">
              <div class="method">
                <div class="method-content">
                  <a name="userCanRegisterSuccessfully">
                  </a> <!-- userCanRegisterSuccessfully -->
                  <span class="method-name">userCanRegisterSuccessfully</span>
                  <div class="stack-trace">org.openqa.selenium.NoSuchElementException: no such element: Unable to locate element: {&quot;method&quot;:&quot;link text&quot;,&quot;selector&quot;:&quot;Register&quot;}
  (Session info: chrome=102.0.5005.115)
For documentation on this error, please visit: https://selenium.dev/exceptions/#no_such_element
Build info: version: &apos;4.2.2&apos;, revision: &apos;683ccb65d6&apos;
System info: host: &apos;DESKTOP-2KD9ONT&apos;, ip: &apos;172.28.192.1&apos;, os.name: &apos;Windows 10&apos;, os.arch: &apos;amd64&apos;, os.version: &apos;10.0&apos;, java.version: &apos;11.0.13&apos;
Driver info: org.openqa.selenium.chrome.ChromeDriver
Command: [22943cf34a68fdd4b454116f5e1e7419, findElement {using=link text, value=Register}]
Capabilities {acceptInsecureCerts: false, browserName: chrome, browserVersion: 102.0.5005.115, chrome: {chromedriverVersion: 102.0.5005.61 (0e59bcc00cc4..., userDataDir: C:\Users\hp\AppData\Local\T...}, goog:chromeOptions: {debuggerAddress: localhost:9350}, networkConnectionEnabled: false, pageLoadStrategy: normal, platformName: WINDOWS, proxy: Proxy(), se:cdp: ws://localhost:9350/devtool..., se:cdpVersion: 102.0.5005.115, setWindowRect: true, strictFileInteractability: false, timeouts: {implicit: 0, pageLoad: 300000, script: 30000}, unhandledPromptBehavior: dismiss and notify, webauthn:extension:credBlob: true, webauthn:extension:largeBlob: true, webauthn:virtualAuthenticators: true}
Session ID: 22943cf34a68fdd4b454116f5e1e7419
	at org.openqa.selenium.remote.codec.w3c.W3CHttpResponseCodec.createException(W3CHttpResponseCodec.java:200)
	at org.openqa.selenium.remote.codec.w3c.W3CHttpResponseCodec.decode(W3CHttpResponseCodec.java:133)
	at org.openqa.selenium.remote.codec.w3c.W3CHttpResponseCodec.decode(W3CHttpResponseCodec.java:53)
	at org.openqa.selenium.remote.HttpCommandExecutor.execute(HttpCommandExecutor.java:184)
	at org.openqa.selenium.remote.service.DriverCommandExecutor.invokeExecute(DriverCommandExecutor.java:167)
	at org.openqa.selenium.remote.service.DriverCommandExecutor.execute(DriverCommandExecutor.java:142)
	at org.openqa.selenium.remote.RemoteWebDriver.execute(RemoteWebDriver.java:588)
	at org.openqa.selenium.remote.ElementLocation$ElementFinder$2.findElement(ElementLocation.java:162)
	at org.openqa.selenium.remote.ElementLocation.findElement(ElementLocation.java:60)
	at org.openqa.selenium.remote.RemoteWebDriver.findElement(RemoteWebDriver.java:406)
	at org.openqa.selenium.remote.RemoteWebDriver.findElement(RemoteWebDriver.java:398)
	at org.openqa.selenium.support.pagefactory.DefaultElementLocator.findElement(DefaultElementLocator.java:70)
	at org.openqa.selenium.support.pagefactory.internal.LocatingElementHandler.invoke(LocatingElementHandler.java:39)
	at com.sun.proxy.$Proxy16.click(Unknown Source)
	at pages.PageBase.clickButton(PageBase.java:25)
	at pages.HomePage.openRegistrationPage(HomePage.java:29)
	at tests.AddProductReviewTest.userCanRegisterSuccessfully(AddProductReviewTest.java:23)
	at java.base/java.util.ArrayList.forEach(ArrayList.java:1541)
... Removed 35 stack frames
</div> <!-- stack-trace -->
                </div> <!-- method-content -->
              </div> <!-- method -->
            </div> <!-- main-panel-content rounded-window-bottom -->
          </div> <!-- suite-nopcommerce_Regression_Suite-class-failed -->
          <div class="suite-nopcommerce_Regression_Suite-class-skipped">
            <div class="main-panel-header rounded-window-top">
              <img src="skipped.png"/>
              <span class="class-name">tests.MyAccountTest</span>
            </div> <!-- main-panel-header rounded-window-top -->
            <div class="main-panel-content rounded-window-bottom">
              <div class="method">
                <div class="method-content">
                  <a name="registeredUserCanChangePassword">
                  </a> <!-- registeredUserCanChangePassword -->
                  <span class="method-name">registeredUserCanChangePassword</span>
                  <div class="stack-trace">java.lang.Throwable: Method tests.MyAccountTest.registeredUserCanChangePassword() on instance tests.MyAccountTest@202b0582 depends on not successfully finished methods 
[tests.MyAccountTest.userCanRegisterSuccessfully() on instance tests.MyAccountTest@202b0582]
	at java.base/java.util.ArrayList.forEach(ArrayList.java:1541)
... Removed 22 stack frames
</div> <!-- stack-trace -->
                </div> <!-- method-content -->
              </div> <!-- method -->
              <div class="method">
                <div class="method-content">
                  <a name="registeredUserCanLogin">
                  </a> <!-- registeredUserCanLogin -->
                  <span class="method-name">registeredUserCanLogin</span>
                  <div class="stack-trace">java.lang.Throwable: Method tests.MyAccountTest.registeredUserCanLogin() on instance tests.MyAccountTest@202b0582 depends on not successfully finished methods 
[tests.MyAccountTest.registeredUserCanLogout() on instance tests.MyAccountTest@202b0582]
	at java.base/java.util.ArrayList.forEach(ArrayList.java:1541)
... Removed 22 stack frames
</div> <!-- stack-trace -->
                </div> <!-- method-content -->
              </div> <!-- method -->
              <div class="method">
                <div class="method-content">
                  <a name="registeredUserCanLogout">
                  </a> <!-- registeredUserCanLogout -->
                  <span class="method-name">registeredUserCanLogout</span>
                  <div class="stack-trace">java.lang.Throwable: Method tests.MyAccountTest.registeredUserCanLogout() on instance tests.MyAccountTest@202b0582 depends on not successfully finished methods 
[tests.MyAccountTest.registeredUserCanChangePassword() on instance tests.MyAccountTest@202b0582]
	at java.base/java.util.ArrayList.forEach(ArrayList.java:1541)
... Removed 22 stack frames
</div> <!-- stack-trace -->
                </div> <!-- method-content -->
              </div> <!-- method -->
            </div> <!-- main-panel-content rounded-window-bottom -->
          </div> <!-- suite-nopcommerce_Regression_Suite-class-skipped -->
          <div class="suite-nopcommerce_Regression_Suite-class-passed">
            <div class="main-panel-header rounded-window-top">
              <img src="passed.png"/>
              <span class="class-name">tests.AddProductToCompareTest</span>
            </div> <!-- main-panel-header rounded-window-top -->
            <div class="main-panel-content rounded-window-bottom">
              <div class="method">
                <div class="method-content">
                  <a name="userCanClearCompareList">
                  </a> <!-- userCanClearCompareList -->
                  <span class="method-name">userCanClearCompareList</span>
                </div> <!-- method-content -->
              </div> <!-- method -->
              <div class="method">
                <div class="method-content">
                  <a name="userCanCompareProducts">
                  </a> <!-- userCanCompareProducts -->
                  <span class="method-name">userCanCompareProducts</span>
                </div> <!-- method-content -->
              </div> <!-- method -->
            </div> <!-- main-panel-content rounded-window-bottom -->
          </div> <!-- suite-nopcommerce_Regression_Suite-class-passed -->
          <div class="suite-nopcommerce_Regression_Suite-class-passed">
            <div class="main-panel-header rounded-window-top">
              <img src="passed.png"/>
              <span class="class-name">tests.SearchProductUsingAutoSuggest</span>
            </div> <!-- main-panel-header rounded-window-top -->
            <div class="main-panel-content rounded-window-bottom">
              <div class="method">
                <div class="method-content">
                  <a name="userCanSearchWithAutoSuggest">
                  </a> <!-- userCanSearchWithAutoSuggest -->
                  <span class="method-name">userCanSearchWithAutoSuggest</span>
                </div> <!-- method-content -->
              </div> <!-- method -->
            </div> <!-- main-panel-content rounded-window-bottom -->
          </div> <!-- suite-nopcommerce_Regression_Suite-class-passed -->
          <div class="suite-nopcommerce_Regression_Suite-class-passed">
            <div class="main-panel-header rounded-window-top">
              <img src="passed.png"/>
              <span class="class-name">tests.RegisteredUserCheckoutProductTest</span>
            </div> <!-- main-panel-header rounded-window-top -->
            <div class="main-panel-content rounded-window-bottom">
              <div class="method">
                <div class="method-content">
                  <a name="userCanAddProductToShoppingCart">
                  </a> <!-- userCanAddProductToShoppingCart -->
                  <span class="method-name">userCanAddProductToShoppingCart</span>
                </div> <!-- method-content -->
              </div> <!-- method -->
              <div class="method">
                <div class="method-content">
                  <a name="userCanCheckoutProduct">
                  </a> <!-- userCanCheckoutProduct -->
                  <span class="method-name">userCanCheckoutProduct</span>
                </div> <!-- method-content -->
              </div> <!-- method -->
              <div class="method">
                <div class="method-content">
                  <a name="userCanSearchWithAutoSuggest">
                  </a> <!-- userCanSearchWithAutoSuggest -->
                  <span class="method-name">userCanSearchWithAutoSuggest</span>
                </div> <!-- method-content -->
              </div> <!-- method -->
            </div> <!-- main-panel-content rounded-window-bottom -->
          </div> <!-- suite-nopcommerce_Regression_Suite-class-passed -->
          <div class="suite-nopcommerce_Regression_Suite-class-passed">
            <div class="main-panel-header rounded-window-top">
              <img src="passed.png"/>
              <span class="class-name">tests.ChangeCurrencyTest</span>
            </div> <!-- main-panel-header rounded-window-top -->
            <div class="main-panel-content rounded-window-bottom">
              <div class="method">
                <div class="method-content">
                  <a name="userCanChangeCurrency">
                  </a> <!-- userCanChangeCurrency -->
                  <span class="method-name">userCanChangeCurrency</span>
                </div> <!-- method-content -->
              </div> <!-- method -->
            </div> <!-- main-panel-content rounded-window-bottom -->
          </div> <!-- suite-nopcommerce_Regression_Suite-class-passed -->
          <div class="suite-nopcommerce_Regression_Suite-class-passed">
            <div class="main-panel-header rounded-window-top">
              <img src="passed.png"/>
              <span class="class-name">tests.EmailFriendTest</span>
            </div> <!-- main-panel-header rounded-window-top -->
            <div class="main-panel-content rounded-window-bottom">
              <div class="method">
                <div class="method-content">
                  <a name="registeredUserCanSendProductToFriend">
                  </a> <!-- registeredUserCanSendProductToFriend -->
                  <span class="method-name">registeredUserCanSendProductToFriend</span>
                </div> <!-- method-content -->
              </div> <!-- method -->
              <div class="method">
                <div class="method-content">
                  <a name="userCanSearchWithAutoSuggest">
                  </a> <!-- userCanSearchWithAutoSuggest -->
                  <span class="method-name">userCanSearchWithAutoSuggest</span>
                </div> <!-- method-content -->
              </div> <!-- method -->
            </div> <!-- main-panel-content rounded-window-bottom -->
          </div> <!-- suite-nopcommerce_Regression_Suite-class-passed -->
          <div class="suite-nopcommerce_Regression_Suite-class-passed">
            <div class="main-panel-header rounded-window-top">
              <img src="passed.png"/>
              <span class="class-name">tests.ProductHoverMenuTest</span>
            </div> <!-- main-panel-header rounded-window-top -->
            <div class="main-panel-content rounded-window-bottom">
              <div class="method">
                <div class="method-content">
                  <a name="userCanSelectSubCategoryFromMainMenu">
                  </a> <!-- userCanSelectSubCategoryFromMainMenu -->
                  <span class="method-name">userCanSelectSubCategoryFromMainMenu</span>
                </div> <!-- method-content -->
              </div> <!-- method -->
            </div> <!-- main-panel-content rounded-window-bottom -->
          </div> <!-- suite-nopcommerce_Regression_Suite-class-passed -->
          <div class="suite-nopcommerce_Regression_Suite-class-passed">
            <div class="main-panel-header rounded-window-top">
              <img src="passed.png"/>
              <span class="class-name">tests.UserRegistrationTest</span>
            </div> <!-- main-panel-header rounded-window-top -->
            <div class="main-panel-content rounded-window-bottom">
              <div class="method">
                <div class="method-content">
                  <a name="registeredUserCanLogin">
                  </a> <!-- registeredUserCanLogin -->
                  <span class="method-name">registeredUserCanLogin</span>
                </div> <!-- method-content -->
              </div> <!-- method -->
              <div class="method">
                <div class="method-content">
                  <a name="registeredUserCanLogout">
                  </a> <!-- registeredUserCanLogout -->
                  <span class="method-name">registeredUserCanLogout</span>
                </div> <!-- method-content -->
              </div> <!-- method -->
              <div class="method">
                <div class="method-content">
                  <a name="userCanRegisterSuccessfully">
                  </a> <!-- userCanRegisterSuccessfully -->
                  <span class="method-name">userCanRegisterSuccessfully</span>
                </div> <!-- method-content -->
              </div> <!-- method -->
            </div> <!-- main-panel-content rounded-window-bottom -->
          </div> <!-- suite-nopcommerce_Regression_Suite-class-passed -->
          <div class="suite-nopcommerce_Regression_Suite-class-passed">
            <div class="main-panel-header rounded-window-top">
              <img src="passed.png"/>
              <span class="class-name">tests.GuestCheckoutProductFromCart</span>
            </div> <!-- main-panel-header rounded-window-top -->
            <div class="main-panel-content rounded-window-bottom">
              <div class="method">
                <div class="method-content">
                  <a name="userCanAddProductToShoppingCart">
                  </a> <!-- userCanAddProductToShoppingCart -->
                  <span class="method-name">userCanAddProductToShoppingCart</span>
                </div> <!-- method-content -->
              </div> <!-- method -->
              <div class="method">
                <div class="method-content">
                  <a name="userCanSearchWithAutoSuggest">
                  </a> <!-- userCanSearchWithAutoSuggest -->
                  <span class="method-name">userCanSearchWithAutoSuggest</span>
                </div> <!-- method-content -->
              </div> <!-- method -->
            </div> <!-- main-panel-content rounded-window-bottom -->
          </div> <!-- suite-nopcommerce_Regression_Suite-class-passed -->
          <div class="suite-nopcommerce_Regression_Suite-class-passed">
            <div class="main-panel-header rounded-window-top">
              <img src="passed.png"/>
              <span class="class-name">tests.AddProductReviewTest</span>
            </div> <!-- main-panel-header rounded-window-top -->
            <div class="main-panel-content rounded-window-bottom">
              <div class="method">
                <div class="method-content">
                  <a name="registeredUserCanAddProductReview">
                  </a> <!-- registeredUserCanAddProductReview -->
                  <span class="method-name">registeredUserCanAddProductReview</span>
                </div> <!-- method-content -->
              </div> <!-- method -->
              <div class="method">
                <div class="method-content">
                  <a name="userCanSearchWithAutoSuggest">
                  </a> <!-- userCanSearchWithAutoSuggest -->
                  <span class="method-name">userCanSearchWithAutoSuggest</span>
                </div> <!-- method-content -->
              </div> <!-- method -->
            </div> <!-- main-panel-content rounded-window-bottom -->
          </div> <!-- suite-nopcommerce_Regression_Suite-class-passed -->
        </div> <!-- panel nopcommerce_Regression_Suite -->
        <div panel-name="test-xml-nopcommerce_Regression_Suite" class="panel">
          <div class="main-panel-header rounded-window-top">
            <span class="header-content">C:\Users\hp\IdeaProjects\SeleniumWithMoataz\regressionSuite.xml</span>
          </div> <!-- main-panel-header rounded-window-top -->
          <div class="main-panel-content rounded-window-bottom">
            <pre>
&lt;?xml version=&quot;1.0&quot; encoding=&quot;UTF-8&quot;?&gt;
&lt;!DOCTYPE suite SYSTEM &quot;https://testng.org/testng-1.0.dtd&quot;&gt;
&lt;suite name=&quot;nopcommerce Regression Suite&quot; guice-stage=&quot;DEVELOPMENT&quot; verbose=&quot;0&quot;&gt;
  &lt;parameter name=&quot;browser&quot; value=&quot;chrome&quot;/&gt;
  &lt;test thread-count=&quot;5&quot; name=&quot;Regression Test&quot; verbose=&quot;0&quot;&gt;
    &lt;classes&gt;
      &lt;class name=&quot;tests.UserRegistrationTest&quot;/&gt;
      &lt;class name=&quot;tests.AddProductReviewTest&quot;/&gt;
      &lt;class name=&quot;tests.AddProductToCompareTest&quot;/&gt;
      &lt;class name=&quot;tests.AddProductToWishlistTest&quot;/&gt;
      &lt;class name=&quot;tests.ContactUsTest&quot;/&gt;
      &lt;class name=&quot;tests.ChangeCurrencyTest&quot;/&gt;
      &lt;class name=&quot;tests.EmailFriendTest&quot;/&gt;
      &lt;class name=&quot;tests.MyAccountTest&quot;/&gt;
      &lt;class name=&quot;tests.ProductHoverMenuTest&quot;/&gt;
      &lt;class name=&quot;tests.RegisteredUserCheckoutProductTest&quot;/&gt;
      &lt;class name=&quot;tests.SearchProductTest&quot;/&gt;
      &lt;class name=&quot;tests.SearchProductUsingAutoSuggest&quot;/&gt;
      &lt;class name=&quot;tests.GuestCheckoutProductFromCart&quot;/&gt;
    &lt;/classes&gt;
  &lt;/test&gt; &lt;!-- Regression Test --&gt;
&lt;/suite&gt; &lt;!-- nopcommerce Regression Suite --&gt;
            </pre>
          </div> <!-- main-panel-content rounded-window-bottom -->
        </div> <!-- panel -->
        <div panel-name="testlist-nopcommerce_Regression_Suite" class="panel">
          <div class="main-panel-header rounded-window-top">
            <span class="header-content">Tests for nopcommerce Regression Suite</span>
          </div> <!-- main-panel-header rounded-window-top -->
          <div class="main-panel-content rounded-window-bottom">
            <ul>
              <li>
                <span class="test-name">Regression Test (13 classes)</span>
              </li>
            </ul>
          </div> <!-- main-panel-content rounded-window-bottom -->
        </div> <!-- panel -->
        <div panel-name="group-nopcommerce_Regression_Suite" class="panel">
          <div class="main-panel-header rounded-window-top">
            <span class="header-content">Groups for nopcommerce Regression Suite</span>
          </div> <!-- main-panel-header rounded-window-top -->
          <div class="main-panel-content rounded-window-bottom">
          </div> <!-- main-panel-content rounded-window-bottom -->
        </div> <!-- panel -->
        <div panel-name="times-nopcommerce_Regression_Suite" class="panel">
          <div class="main-panel-header rounded-window-top">
            <span class="header-content">Times for nopcommerce Regression Suite</span>
          </div> <!-- main-panel-header rounded-window-top -->
          <div class="main-panel-content rounded-window-bottom">
            <div class="times-div">
              <script type="text/javascript">
suiteTableInitFunctions.push('tableData_nopcommerce_Regression_Suite');
function tableData_nopcommerce_Regression_Suite() {
var data = new google.visualization.DataTable();
data.addColumn('number', 'Number');
data.addColumn('string', 'Method');
data.addColumn('string', 'Class');
data.addColumn('number', 'Time (ms)');
data.addRows(34);
data.setCell(0, 0, 0)
data.setCell(0, 1, 'userCanCheckoutProduct')
data.setCell(0, 2, 'tests.RegisteredUserCheckoutProductTest')
data.setCell(0, 3, 14887);
data.setCell(1, 0, 1)
data.setCell(1, 1, 'userCanCompareProducts')
data.setCell(1, 2, 'tests.AddProductToCompareTest')
data.setCell(1, 3, 9634);
data.setCell(2, 0, 2)
data.setCell(2, 1, 'userCanSearchWithAutoSuggest')
data.setCell(2, 2, 'tests.AddProductReviewTest')
data.setCell(2, 3, 7178);
data.setCell(3, 0, 3)
data.setCell(3, 1, 'registeredUserCanAddProductReview')
data.setCell(3, 2, 'tests.AddProductReviewTest')
data.setCell(3, 3, 5365);
data.setCell(4, 0, 4)
data.setCell(4, 1, 'userCanUseContactUs')
data.setCell(4, 2, 'tests.ContactUsTest')
data.setCell(4, 3, 4402);
data.setCell(5, 0, 5)
data.setCell(5, 1, 'registeredUserCanSendProductToFriend')
data.setCell(5, 2, 'tests.EmailFriendTest')
data.setCell(5, 3, 4255);
data.setCell(6, 0, 6)
data.setCell(6, 1, 'userCanRegisterSuccessfully')
data.setCell(6, 2, 'tests.UserRegistrationTest')
data.setCell(6, 3, 4104);
data.setCell(7, 0, 7)
data.setCell(7, 1, 'userCanSearchForProducts')
data.setCell(7, 2, 'tests.SearchProductTest')
data.setCell(7, 3, 4088);
data.setCell(8, 0, 8)
data.setCell(8, 1, 'userCanCheckoutProduct')
data.setCell(8, 2, 'tests.GuestCheckoutProductFromCart')
data.setCell(8, 3, 3517);
data.setCell(9, 0, 9)
data.setCell(9, 1, 'registeredUserCanLogin')
data.setCell(9, 2, 'tests.UserRegistrationTest')
data.setCell(9, 3, 3304);
data.setCell(10, 0, 10)
data.setCell(10, 1, 'userCanSearchWithAutoSuggest')
data.setCell(10, 2, 'tests.SearchProductUsingAutoSuggest')
data.setCell(10, 3, 2388);
data.setCell(11, 0, 11)
data.setCell(11, 1, 'userCanAddProductToShoppingCart')
data.setCell(11, 2, 'tests.RegisteredUserCheckoutProductTest')
data.setCell(11, 3, 2269);
data.setCell(12, 0, 12)
data.setCell(12, 1, 'userCanRegisterSuccessfully')
data.setCell(12, 2, 'tests.AddProductReviewTest')
data.setCell(12, 3, 2113);
data.setCell(13, 0, 13)
data.setCell(13, 1, 'userCanRegisterSuccessfully')
data.setCell(13, 2, 'tests.EmailFriendTest')
data.setCell(13, 3, 2112);
data.setCell(14, 0, 14)
data.setCell(14, 1, 'userCanSearchWithAutoSuggest')
data.setCell(14, 2, 'tests.AddProductToWishlistTest')
data.setCell(14, 3, 2087);
data.setCell(15, 0, 15)
data.setCell(15, 1, 'userCanAddProductToWishlist')
data.setCell(15, 2, 'tests.AddProductToWishlistTest')
data.setCell(15, 3, 2043);
data.setCell(16, 0, 16)
data.setCell(16, 1, 'userCanRegisterSuccessfully')
data.setCell(16, 2, 'tests.MyAccountTest')
data.setCell(16, 3, 2038);
data.setCell(17, 0, 17)
data.setCell(17, 1, 'userCanRemoveProductFromCart')
data.setCell(17, 2, 'tests.AddProductToWishlistTest')
data.setCell(17, 3, 2034);
data.setCell(18, 0, 18)
data.setCell(18, 1, 'userCanSelectSubCategoryFromMainMenu')
data.setCell(18, 2, 'tests.ProductHoverMenuTest')
data.setCell(18, 3, 2030);
data.setCell(19, 0, 19)
data.setCell(19, 1, 'userCanViewOrderDetails')
data.setCell(19, 2, 'tests.GuestCheckoutProductFromCart')
data.setCell(19, 3, 2022);
data.setCell(20, 0, 20)
data.setCell(20, 1, 'userCanRegisterSuccessfully')
data.setCell(20, 2, 'tests.RegisteredUserCheckoutProductTest')
data.setCell(20, 3, 2022);
data.setCell(21, 0, 21)
data.setCell(21, 1, 'userCanSearchWithAutoSuggest')
data.setCell(21, 2, 'tests.GuestCheckoutProductFromCart')
data.setCell(21, 3, 1986);
data.setCell(22, 0, 22)
data.setCell(22, 1, 'userCanSearchWithAutoSuggest')
data.setCell(22, 2, 'tests.EmailFriendTest')
data.setCell(22, 3, 1937);
data.setCell(23, 0, 23)
data.setCell(23, 1, 'userCanSearchWithAutoSuggest')
data.setCell(23, 2, 'tests.ChangeCurrencyTest')
data.setCell(23, 3, 1914);
data.setCell(24, 0, 24)
data.setCell(24, 1, 'userCanSearchWithAutoSuggest')
data.setCell(24, 2, 'tests.RegisteredUserCheckoutProductTest')
data.setCell(24, 3, 1826);
data.setCell(25, 0, 25)
data.setCell(25, 1, 'userCanClearCompareList')
data.setCell(25, 2, 'tests.AddProductToCompareTest')
data.setCell(25, 3, 1476);
data.setCell(26, 0, 26)
data.setCell(26, 1, 'userCanAddProductToShoppingCart')
data.setCell(26, 2, 'tests.GuestCheckoutProductFromCart')
data.setCell(26, 3, 1167);
data.setCell(27, 0, 27)
data.setCell(27, 1, 'userCanChangeCurrency')
data.setCell(27, 2, 'tests.ChangeCurrencyTest')
data.setCell(27, 3, 950);
data.setCell(28, 0, 28)
data.setCell(28, 1, 'registeredUserCanLogout')
data.setCell(28, 2, 'tests.UserRegistrationTest')
data.setCell(28, 3, 945);
data.setCell(29, 0, 29)
data.setCell(29, 1, 'RegisteredUserCanLogout')
data.setCell(29, 2, 'tests.EmailFriendTest')
data.setCell(29, 3, 1);
data.setCell(30, 0, 30)
data.setCell(30, 1, 'RegisteredUserCanLogout')
data.setCell(30, 2, 'tests.RegisteredUserCheckoutProductTest')
data.setCell(30, 3, 0);
data.setCell(31, 0, 31)
data.setCell(31, 1, 'registeredUserCanLogin')
data.setCell(31, 2, 'tests.MyAccountTest')
data.setCell(31, 3, 0);
data.setCell(32, 0, 32)
data.setCell(32, 1, 'registeredUserCanLogout')
data.setCell(32, 2, 'tests.MyAccountTest')
data.setCell(32, 3, 0);
data.setCell(33, 0, 33)
data.setCell(33, 1, 'registeredUserCanChangePassword')
data.setCell(33, 2, 'tests.MyAccountTest')
data.setCell(33, 3, 0);
window.suiteTableData['nopcommerce_Regression_Suite']= { tableData: data, tableDiv: 'times-div-nopcommerce_Regression_Suite'}
return data;
}
              </script>
              <span class="suite-total-time">Total running time: 1 minutes</span>
              <div id="times-div-nopcommerce_Regression_Suite">
              </div> <!-- times-div-nopcommerce_Regression_Suite -->
            </div> <!-- times-div -->
          </div> <!-- main-panel-content rounded-window-bottom -->
        </div> <!-- panel -->
        <div panel-name="reporter-nopcommerce_Regression_Suite" class="panel">
          <div class="main-panel-header rounded-window-top">
            <span class="header-content">Reporter output for nopcommerce Regression Suite</span>
          </div> <!-- main-panel-header rounded-window-top -->
          <div class="main-panel-content rounded-window-bottom">
          </div> <!-- main-panel-content rounded-window-bottom -->
        </div> <!-- panel -->
        <div panel-name="ignored-methods-nopcommerce_Regression_Suite" class="panel">
          <div class="main-panel-header rounded-window-top">
            <span class="header-content">24 ignored methods</span>
          </div> <!-- main-panel-header rounded-window-top -->
          <div class="main-panel-content rounded-window-bottom">
            <div class="ignored-class-div">
              <span class="ignored-class-name">tests.AddProductToCompareTest</span>
              <div class="ignored-methods-div">
                <span class="ignored-method-name">startDriver</span>
                <br/>
                <span class="ignored-method-name">stopDriver</span>
                <br/>
              </div> <!-- ignored-methods-div -->
            </div> <!-- ignored-class-div -->
            <div class="ignored-class-div">
              <span class="ignored-class-name">tests.SearchProductUsingAutoSuggest</span>
              <div class="ignored-methods-div">
                <span class="ignored-method-name">startDriver</span>
                <br/>
                <span class="ignored-method-name">stopDriver</span>
                <br/>
              </div> <!-- ignored-methods-div -->
            </div> <!-- ignored-class-div -->
            <div class="ignored-class-div">
              <span class="ignored-class-name">tests.RegisteredUserCheckoutProductTest</span>
              <div class="ignored-methods-div">
                <span class="ignored-method-name">startDriver</span>
                <br/>
                <span class="ignored-method-name">stopDriver</span>
                <br/>
              </div> <!-- ignored-methods-div -->
            </div> <!-- ignored-class-div -->
            <div class="ignored-class-div">
              <span class="ignored-class-name">tests.MyAccountTest</span>
              <div class="ignored-methods-div">
                <span class="ignored-method-name">stopDriver</span>
                <br/>
                <span class="ignored-method-name">startDriver</span>
                <br/>
              </div> <!-- ignored-methods-div -->
            </div> <!-- ignored-class-div -->
            <div class="ignored-class-div">
              <span class="ignored-class-name">tests.EmailFriendTest</span>
              <div class="ignored-methods-div">
                <span class="ignored-method-name">stopDriver</span>
                <br/>
                <span class="ignored-method-name">startDriver</span>
                <br/>
              </div> <!-- ignored-methods-div -->
            </div> <!-- ignored-class-div -->
            <div class="ignored-class-div">
              <span class="ignored-class-name">tests.SearchProductTest</span>
              <div class="ignored-methods-div">
                <span class="ignored-method-name">stopDriver</span>
                <br/>
                <span class="ignored-method-name">startDriver</span>
                <br/>
              </div> <!-- ignored-methods-div -->
            </div> <!-- ignored-class-div -->
            <div class="ignored-class-div">
              <span class="ignored-class-name">tests.GuestCheckoutProductFromCart</span>
              <div class="ignored-methods-div">
                <span class="ignored-method-name">startDriver</span>
                <br/>
                <span class="ignored-method-name">stopDriver</span>
                <br/>
              </div> <!-- ignored-methods-div -->
            </div> <!-- ignored-class-div -->
            <div class="ignored-class-div">
              <span class="ignored-class-name">tests.ChangeCurrencyTest</span>
              <div class="ignored-methods-div">
                <span class="ignored-method-name">startDriver</span>
                <br/>
                <span class="ignored-method-name">stopDriver</span>
                <br/>
              </div> <!-- ignored-methods-div -->
            </div> <!-- ignored-class-div -->
            <div class="ignored-class-div">
              <span class="ignored-class-name">tests.ProductHoverMenuTest</span>
              <div class="ignored-methods-div">
                <span class="ignored-method-name">stopDriver</span>
                <br/>
                <span class="ignored-method-name">startDriver</span>
                <br/>
              </div> <!-- ignored-methods-div -->
            </div> <!-- ignored-class-div -->
            <div class="ignored-class-div">
              <span class="ignored-class-name">tests.ContactUsTest</span>
              <div class="ignored-methods-div">
                <span class="ignored-method-name">stopDriver</span>
                <br/>
                <span class="ignored-method-name">startDriver</span>
                <br/>
              </div> <!-- ignored-methods-div -->
            </div> <!-- ignored-class-div -->
            <div class="ignored-class-div">
              <span class="ignored-class-name">tests.AddProductToWishlistTest</span>
              <div class="ignored-methods-div">
                <span class="ignored-method-name">startDriver</span>
                <br/>
                <span class="ignored-method-name">stopDriver</span>
                <br/>
              </div> <!-- ignored-methods-div -->
            </div> <!-- ignored-class-div -->
            <div class="ignored-class-div">
              <span class="ignored-class-name">tests.AddProductReviewTest</span>
              <div class="ignored-methods-div">
                <span class="ignored-method-name">startDriver</span>
                <br/>
                <span class="ignored-method-name">stopDriver</span>
                <br/>
              </div> <!-- ignored-methods-div -->
            </div> <!-- ignored-class-div -->
          </div> <!-- main-panel-content rounded-window-bottom -->
        </div> <!-- panel -->
        <div panel-name="chronological-nopcommerce_Regression_Suite" class="panel">
          <div class="main-panel-header rounded-window-top">
            <span class="header-content">Methods in chronological order</span>
          </div> <!-- main-panel-header rounded-window-top -->
          <div class="main-panel-content rounded-window-bottom">
            <div class="chronological-class">
              <div class="chronological-class-name">tests.UserRegistrationTest</div> <!-- chronological-class-name -->
              <div class="configuration-suite before">
                <span class="method-name">startDriver(chrome)</span>
                <span class="method-start">0 ms</span>
              </div> <!-- configuration-suite before -->
              <div class="test-method">
                <span class="method-name">userCanRegisterSuccessfully</span>
                <span class="method-start">8805 ms</span>
              </div> <!-- test-method -->
              <div class="configuration-method after">
                <span class="method-name">screenshotOnFailure([TestResult name=userCanRegisterSuccessfully status=SUCCESS method=UserRegistrationTest.userCanRegis...)</span>
                <span class="method-start">12912 ms</span>
              </div> <!-- configuration-method after -->
              <div class="test-method">
                <span class="method-name">registeredUserCanLogout</span>
                <span class="method-start">12917 ms</span>
              </div> <!-- test-method -->
              <div class="configuration-method after">
                <span class="method-name">screenshotOnFailure([TestResult name=registeredUserCanLogout status=SUCCESS method=UserRegistrationTest.registeredUserCa...)</span>
                <span class="method-start">13863 ms</span>
              </div> <!-- configuration-method after -->
              <div class="test-method">
                <span class="method-name">registeredUserCanLogin</span>
                <span class="method-start">13865 ms</span>
              </div> <!-- test-method -->
              <div class="configuration-method after">
                <span class="method-name">screenshotOnFailure([TestResult name=registeredUserCanLogin status=SUCCESS method=UserRegistrationTest.registeredUserCan...)</span>
                <span class="method-start">17169 ms</span>
              </div> <!-- configuration-method after -->
            </div> <!-- chronological-class -->
            <div class="chronological-class">
              <div class="chronological-class-name">tests.AddProductReviewTest</div> <!-- chronological-class-name -->
              <div class="test-method">
                <img src="failed.png">
                </img>
                <span class="method-name">userCanRegisterSuccessfully</span>
                <span class="method-start">17172 ms</span>
              </div> <!-- test-method -->
              <div class="configuration-method after">
                <span class="method-name">screenshotOnFailure([TestResult name=userCanRegisterSuccessfully status=FAILURE method=AddProductReviewTest.userCanRegis...)</span>
                <span class="method-start">19292 ms</span>
              </div> <!-- configuration-method after -->
              <div class="test-method">
                <span class="method-name">userCanSearchWithAutoSuggest</span>
                <span class="method-start">19693 ms</span>
              </div> <!-- test-method -->
              <div class="configuration-method after">
                <span class="method-name">screenshotOnFailure([TestResult name=userCanSearchWithAutoSuggest status=SUCCESS method=AddProductReviewTest.userCanSear...)</span>
                <span class="method-start">26871 ms</span>
              </div> <!-- configuration-method after -->
              <div class="test-method">
                <span class="method-name">registeredUserCanAddProductReview</span>
                <span class="method-start">26872 ms</span>
              </div> <!-- test-method -->
              <div class="configuration-method after">
                <span class="method-name">screenshotOnFailure([TestResult name=registeredUserCanAddProductReview status=SUCCESS method=AddProductReviewTest.regist...)</span>
                <span class="method-start">32237 ms</span>
              </div> <!-- configuration-method after -->
            </div> <!-- chronological-class -->
            <div class="chronological-class">
              <div class="chronological-class-name">tests.AddProductToCompareTest</div> <!-- chronological-class-name -->
              <div class="test-method">
                <span class="method-name">userCanCompareProducts</span>
                <span class="method-start">32238 ms</span>
              </div> <!-- test-method -->
              <div class="configuration-method after">
                <span class="method-name">screenshotOnFailure([TestResult name=userCanCompareProducts status=SUCCESS method=AddProductToCompareTest.userCanCompare...)</span>
                <span class="method-start">41873 ms</span>
              </div> <!-- configuration-method after -->
              <div class="test-method">
                <span class="method-name">userCanClearCompareList</span>
                <span class="method-start">41874 ms</span>
              </div> <!-- test-method -->
              <div class="configuration-method after">
                <span class="method-name">screenshotOnFailure([TestResult name=userCanClearCompareList status=SUCCESS method=AddProductToCompareTest.userCanClearC...)</span>
                <span class="method-start">43351 ms</span>
              </div> <!-- configuration-method after -->
            </div> <!-- chronological-class -->
            <div class="chronological-class">
              <div class="chronological-class-name">tests.AddProductToWishlistTest</div> <!-- chronological-class-name -->
              <div class="test-method">
                <img src="failed.png">
                </img>
                <span class="method-name">userCanSearchWithAutoSuggest</span>
                <span class="method-start">43352 ms</span>
              </div> <!-- test-method -->
              <div class="configuration-method after">
                <span class="method-name">screenshotOnFailure([TestResult name=userCanSearchWithAutoSuggest status=FAILURE method=AddProductToWishlistTest.userCan...)</span>
                <span class="method-start">45439 ms</span>
              </div> <!-- configuration-method after -->
              <div class="test-method">
                <img src="failed.png">
                </img>
                <span class="method-name">userCanAddProductToWishlist</span>
                <span class="method-start">45627 ms</span>
              </div> <!-- test-method -->
              <div class="configuration-method after">
                <span class="method-name">screenshotOnFailure([TestResult name=userCanAddProductToWishlist status=FAILURE method=AddProductToWishlistTest.userCanA...)</span>
                <span class="method-start">47671 ms</span>
              </div> <!-- configuration-method after -->
              <div class="test-method">
                <img src="failed.png">
                </img>
                <span class="method-name">userCanRemoveProductFromCart</span>
                <span class="method-start">47872 ms</span>
              </div> <!-- test-method -->
              <div class="configuration-method after">
                <span class="method-name">screenshotOnFailure([TestResult name=userCanRemoveProductFromCart status=FAILURE method=AddProductToWishlistTest.userCan...)</span>
                <span class="method-start">49907 ms</span>
              </div> <!-- configuration-method after -->
            </div> <!-- chronological-class -->
            <div class="chronological-class">
              <div class="chronological-class-name">tests.ContactUsTest</div> <!-- chronological-class-name -->
              <div class="test-method">
                <img src="failed.png">
                </img>
                <span class="method-name">userCanUseContactUs</span>
                <span class="method-start">50085 ms</span>
              </div> <!-- test-method -->
              <div class="configuration-method after">
                <span class="method-name">screenshotOnFailure([TestResult name=userCanUseContactUs status=FAILURE method=ContactUsTest.userCanUseContactUs()[pri:0...)</span>
                <span class="method-start">54488 ms</span>
              </div> <!-- configuration-method after -->
            </div> <!-- chronological-class -->
            <div class="chronological-class">
              <div class="chronological-class-name">tests.ChangeCurrencyTest</div> <!-- chronological-class-name -->
              <div class="test-method">
                <span class="method-name">userCanChangeCurrency</span>
                <span class="method-start">54649 ms</span>
              </div> <!-- test-method -->
              <div class="configuration-method after">
                <span class="method-name">screenshotOnFailure([TestResult name=userCanChangeCurrency status=SUCCESS method=ChangeCurrencyTest.userCanChangeCurrenc...)</span>
                <span class="method-start">55599 ms</span>
              </div> <!-- configuration-method after -->
              <div class="test-method">
                <img src="failed.png">
                </img>
                <span class="method-name">userCanSearchWithAutoSuggest</span>
                <span class="method-start">55601 ms</span>
              </div> <!-- test-method -->
              <div class="configuration-method after">
                <span class="method-name">screenshotOnFailure([TestResult name=userCanSearchWithAutoSuggest status=FAILURE method=ChangeCurrencyTest.userCanSearch...)</span>
                <span class="method-start">57516 ms</span>
              </div> <!-- configuration-method after -->
            </div> <!-- chronological-class -->
            <div class="chronological-class">
              <div class="chronological-class-name">tests.EmailFriendTest</div> <!-- chronological-class-name -->
              <div class="test-method">
                <img src="failed.png">
                </img>
                <span class="method-name">userCanRegisterSuccessfully</span>
                <span class="method-start">57785 ms</span>
              </div> <!-- test-method -->
              <div class="configuration-method after">
                <span class="method-name">screenshotOnFailure([TestResult name=userCanRegisterSuccessfully status=FAILURE method=EmailFriendTest.userCanRegisterSu...)</span>
                <span class="method-start">59897 ms</span>
              </div> <!-- configuration-method after -->
              <div class="test-method">
                <span class="method-name">userCanSearchWithAutoSuggest</span>
                <span class="method-start">60147 ms</span>
              </div> <!-- test-method -->
              <div class="configuration-method after">
                <span class="method-name">screenshotOnFailure([TestResult name=userCanSearchWithAutoSuggest status=SUCCESS method=EmailFriendTest.userCanSearchWit...)</span>
                <span class="method-start">62084 ms</span>
              </div> <!-- configuration-method after -->
              <div class="test-method">
                <span class="method-name">registeredUserCanSendProductToFriend</span>
                <span class="method-start">62086 ms</span>
              </div> <!-- test-method -->
              <div class="configuration-method after">
                <span class="method-name">screenshotOnFailure([TestResult name=registeredUserCanSendProductToFriend status=SUCCESS method=EmailFriendTest.register...)</span>
                <span class="method-start">66342 ms</span>
              </div> <!-- configuration-method after -->
              <div class="test-method">
                <img src="failed.png">
                </img>
                <span class="method-name">RegisteredUserCanLogout</span>
                <span class="method-start">66342 ms</span>
              </div> <!-- test-method -->
              <div class="configuration-method after">
                <span class="method-name">screenshotOnFailure([TestResult name=RegisteredUserCanLogout status=FAILURE method=EmailFriendTest.RegisteredUserCanLogo...)</span>
                <span class="method-start">66343 ms</span>
              </div> <!-- configuration-method after -->
            </div> <!-- chronological-class -->
            <div class="chronological-class">
              <div class="chronological-class-name">tests.MyAccountTest</div> <!-- chronological-class-name -->
              <div class="test-method">
                <img src="failed.png">
                </img>
                <span class="method-name">userCanRegisterSuccessfully</span>
                <span class="method-start">66516 ms</span>
              </div> <!-- test-method -->
              <div class="configuration-method after">
                <span class="method-name">screenshotOnFailure([TestResult name=userCanRegisterSuccessfully status=FAILURE method=MyAccountTest.userCanRegisterSucc...)</span>
                <span class="method-start">68556 ms</span>
              </div> <!-- configuration-method after -->
              <div class="test-method">
                <span class="method-name">registeredUserCanChangePassword</span>
                <span class="method-start">68731 ms</span>
              </div> <!-- test-method -->
              <div class="test-method">
                <span class="method-name">registeredUserCanLogout</span>
                <span class="method-start">68733 ms</span>
              </div> <!-- test-method -->
              <div class="test-method">
                <span class="method-name">registeredUserCanLogin</span>
                <span class="method-start">68734 ms</span>
              </div> <!-- test-method -->
            </div> <!-- chronological-class -->
            <div class="chronological-class">
              <div class="chronological-class-name">tests.ProductHoverMenuTest</div> <!-- chronological-class-name -->
              <div class="test-method">
                <span class="method-name">userCanSelectSubCategoryFromMainMenu</span>
                <span class="method-start">68735 ms</span>
              </div> <!-- test-method -->
              <div class="configuration-method after">
                <span class="method-name">screenshotOnFailure([TestResult name=userCanSelectSubCategoryFromMainMenu status=SUCCESS method=ProductHoverMenuTest.use...)</span>
                <span class="method-start">70766 ms</span>
              </div> <!-- configuration-method after -->
            </div> <!-- chronological-class -->
            <div class="chronological-class">
              <div class="chronological-class-name">tests.RegisteredUserCheckoutProductTest</div> <!-- chronological-class-name -->
              <div class="test-method">
                <img src="failed.png">
                </img>
                <span class="method-name">userCanRegisterSuccessfully</span>
                <span class="method-start">70767 ms</span>
              </div> <!-- test-method -->
              <div class="configuration-method after">
                <span class="method-name">screenshotOnFailure([TestResult name=userCanRegisterSuccessfully status=FAILURE method=RegisteredUserCheckoutProductTest...)</span>
                <span class="method-start">72790 ms</span>
              </div> <!-- configuration-method after -->
              <div class="test-method">
                <span class="method-name">userCanSearchWithAutoSuggest</span>
                <span class="method-start">73025 ms</span>
              </div> <!-- test-method -->
              <div class="configuration-method after">
                <span class="method-name">screenshotOnFailure([TestResult name=userCanSearchWithAutoSuggest status=SUCCESS method=RegisteredUserCheckoutProductTes...)</span>
                <span class="method-start">74851 ms</span>
              </div> <!-- configuration-method after -->
              <div class="test-method">
                <span class="method-name">userCanAddProductToShoppingCart</span>
                <span class="method-start">74852 ms</span>
              </div> <!-- test-method -->
              <div class="configuration-method after">
                <span class="method-name">screenshotOnFailure([TestResult name=userCanAddProductToShoppingCart status=SUCCESS method=RegisteredUserCheckoutProduct...)</span>
                <span class="method-start">77122 ms</span>
              </div> <!-- configuration-method after -->
              <div class="test-method">
                <span class="method-name">userCanCheckoutProduct</span>
                <span class="method-start">77123 ms</span>
              </div> <!-- test-method -->
              <div class="configuration-method after">
                <span class="method-name">screenshotOnFailure([TestResult name=userCanCheckoutProduct status=SUCCESS method=RegisteredUserCheckoutProductTest.user...)</span>
                <span class="method-start">92010 ms</span>
              </div> <!-- configuration-method after -->
              <div class="test-method">
                <img src="failed.png">
                </img>
                <span class="method-name">RegisteredUserCanLogout</span>
                <span class="method-start">92012 ms</span>
              </div> <!-- test-method -->
              <div class="configuration-method after">
                <span class="method-name">screenshotOnFailure([TestResult name=RegisteredUserCanLogout status=FAILURE method=RegisteredUserCheckoutProductTest.Reg...)</span>
                <span class="method-start">92013 ms</span>
              </div> <!-- configuration-method after -->
            </div> <!-- chronological-class -->
            <div class="chronological-class">
              <div class="chronological-class-name">tests.SearchProductTest</div> <!-- chronological-class-name -->
              <div class="test-method">
                <img src="failed.png">
                </img>
                <span class="method-name">userCanSearchForProducts</span>
                <span class="method-start">92231 ms</span>
              </div> <!-- test-method -->
              <div class="configuration-method after">
                <span class="method-name">screenshotOnFailure([TestResult name=userCanSearchForProducts status=FAILURE method=SearchProductTest.userCanSearchForPr...)</span>
                <span class="method-start">96320 ms</span>
              </div> <!-- configuration-method after -->
            </div> <!-- chronological-class -->
            <div class="chronological-class">
              <div class="chronological-class-name">tests.SearchProductUsingAutoSuggest</div> <!-- chronological-class-name -->
              <div class="test-method">
                <span class="method-name">userCanSearchWithAutoSuggest</span>
                <span class="method-start">96531 ms</span>
              </div> <!-- test-method -->
              <div class="configuration-method after">
                <span class="method-name">screenshotOnFailure([TestResult name=userCanSearchWithAutoSuggest status=SUCCESS method=SearchProductUsingAutoSuggest.us...)</span>
                <span class="method-start">98919 ms</span>
              </div> <!-- configuration-method after -->
            </div> <!-- chronological-class -->
            <div class="chronological-class">
              <div class="chronological-class-name">tests.GuestCheckoutProductFromCart</div> <!-- chronological-class-name -->
              <div class="test-method">
                <span class="method-name">userCanSearchWithAutoSuggest</span>
                <span class="method-start">98921 ms</span>
              </div> <!-- test-method -->
              <div class="configuration-method after">
                <span class="method-name">screenshotOnFailure([TestResult name=userCanSearchWithAutoSuggest status=SUCCESS method=GuestCheckoutProductFromCart.use...)</span>
                <span class="method-start">100907 ms</span>
              </div> <!-- configuration-method after -->
              <div class="test-method">
                <span class="method-name">userCanAddProductToShoppingCart</span>
                <span class="method-start">100908 ms</span>
              </div> <!-- test-method -->
              <div class="test-method">
                <img src="failed.png">
                </img>
                <span class="method-name">userCanCheckoutProduct</span>
                <span class="method-start">102076 ms</span>
              </div> <!-- test-method -->
              <div class="configuration-method after">
                <span class="method-name">screenshotOnFailure([TestResult name=userCanAddProductToShoppingCart status=SUCCESS method=GuestCheckoutProductFromCart....)</span>
                <span class="method-start">102076 ms</span>
              </div> <!-- configuration-method after -->
              <div class="configuration-method after">
                <span class="method-name">screenshotOnFailure([TestResult name=userCanCheckoutProduct status=FAILURE method=GuestCheckoutProductFromCart.userCanCh...)</span>
                <span class="method-start">105594 ms</span>
              </div> <!-- configuration-method after -->
              <div class="test-method">
                <img src="failed.png">
                </img>
                <span class="method-name">userCanViewOrderDetails</span>
                <span class="method-start">105760 ms</span>
              </div> <!-- test-method -->
              <div class="configuration-method after">
                <span class="method-name">screenshotOnFailure([TestResult name=userCanViewOrderDetails status=FAILURE method=GuestCheckoutProductFromCart.userCanV...)</span>
                <span class="method-start">107783 ms</span>
              </div> <!-- configuration-method after -->
            </div> <!-- chronological-class -->
            <div class="chronological-class">
              <div class="chronological-class-name">tests.UserRegistrationTest</div> <!-- chronological-class-name -->
              <div class="configuration-suite after">
                <span class="method-name">stopDriver</span>
                <span class="method-start">108085 ms</span>
              </div> <!-- configuration-suite after -->
          </div> <!-- main-panel-content rounded-window-bottom -->
        </div> <!-- panel -->
      </div> <!-- main-panel-root -->
    </div> <!-- wrapper -->
  </body>
<script type="text/javascript" src="testng-reports2.js"></script>
</html>
